# JRE version: OpenJDK Runtime Environment Temurin-17.0.13+11 (17.0.13+11) (build 17.0.13+11)
# Java VM: OpenJDK 64-Bit Server VM Temurin-17.0.13+11 (17.0.13+11, mixed mode, tiered, compressed oops, compressed class ptrs, parallel gc, windows-amd64)
GC Precious Log:
 CPUs: 12 total, 12 available
 Memory: 15753M
 Large Page Support: Disabled
 NUMA Support: Disabled
 Compressed Oops: Enabled (32-bit)
 Alignments: Space 512K, Generation 512K, Heap 2M
 Heap Min Capacity: 100M
 Heap Initial Capacity: 100M
 Heap Max Capacity: 1G
 Pre-touch: Disabled
 Parallel Workers: 10
Heap:
 PSYoungGen      total 9728K, used 4733K [0x00000000eab00000, 0x00000000eb780000, 0x0000000100000000)
  eden space 8704K, 46% used [0x00000000eab00000,0x00000000eaef35d0,0x00000000eb380000)
  from space 1024K, 67% used [0x00000000eb680000,0x00000000eb72c030,0x00000000eb780000)
  to   space 1024K, 0% used [0x00000000eb580000,0x00000000eb580000,0x00000000eb680000)
 ParOldGen       total 304640K, used 253236K [0x00000000c0000000, 0x00000000d2980000, 0x00000000eab00000)
  object space 304640K, 83% used [0x00000000c0000000,0x00000000cf74d3c8,0x00000000d2980000)
 Metaspace       used 90430K, committed 92032K, reserved 1179648K
  class space    used 9354K, committed 10112K, reserved 1048576K
GC Heap History (20 events):
Event: 330.177 GC heap before
{Heap before GC invocations=860 (full 16):
 PSYoungGen      total 14848K, used 14839K [0x00000000eab00000, 0x00000000ecd00000, 0x0000000100000000)
  eden space 8704K, 100% used [0x00000000eab00000,0x00000000eb380000,0x00000000eb380000)
  from space 6144K, 99% used [0x00000000ebe00000,0x00000000ec3fde50,0x00000000ec400000)
  to   space 10752K, 0% used [0x00000000eb380000,0x00000000eb380000,0x00000000ebe00000)
 ParOldGen       total 304640K, used 247575K [0x00000000c0000000, 0x00000000d2980000, 0x00000000eab00000)
  object space 304640K, 81% used [0x00000000c0000000,0x00000000cf1c5d88,0x00000000d2980000)
 Metaspace       used 90309K, committed 91904K, reserved 1179648K
  class space    used 9354K, committed 10112K, reserved 1048576K
}
Event: 330.183 GC heap after
{Heap after GC invocations=860 (full 16):
 PSYoungGen      total 11264K, used 2097K [0x00000000eab00000, 0x00000000ebe80000, 0x0000000100000000)
  eden space 8704K, 0% used [0x00000000eab00000,0x00000000eab00000,0x00000000eb380000)
  from space 2560K, 81% used [0x00000000eb380000,0x00000000eb58c660,0x00000000eb600000)
  to   space 5120K, 0% used [0x00000000eb980000,0x00000000eb980000,0x00000000ebe80000)
 ParOldGen       total 304640K, used 249499K [0x00000000c0000000, 0x00000000d2980000, 0x00000000eab00000)
  object space 304640K, 81% used [0x00000000c0000000,0x00000000cf3a6f88,0x00000000d2980000)
 Metaspace       used 90309K, committed 91904K, reserved 1179648K
  class space    used 9354K, committed 10112K, reserved 1048576K
}
Event: 330.602 GC heap before
{Heap before GC invocations=861 (full 16):
 PSYoungGen      total 11264K, used 10801K [0x00000000eab00000, 0x00000000ebe80000, 0x0000000100000000)
  eden space 8704K, 100% used [0x00000000eab00000,0x00000000eb380000,0x00000000eb380000)
  from space 2560K, 81% used [0x00000000eb380000,0x00000000eb58c660,0x00000000eb600000)
  to   space 5120K, 0% used [0x00000000eb980000,0x00000000eb980000,0x00000000ebe80000)
 ParOldGen       total 304640K, used 249499K [0x00000000c0000000, 0x00000000d2980000, 0x00000000eab00000)
  object space 304640K, 81% used [0x00000000c0000000,0x00000000cf3a6f88,0x00000000d2980000)
 Metaspace       used 90316K, committed 91904K, reserved 1179648K
  class space    used 9354K, committed 10112K, reserved 1048576K
}
Event: 330.605 GC heap after
{Heap after GC invocations=861 (full 16):
 PSYoungGen      total 9728K, used 570K [0x00000000eab00000, 0x00000000eba80000, 0x0000000100000000)
  eden space 8704K, 0% used [0x00000000eab00000,0x00000000eab00000,0x00000000eb380000)
  from space 1024K, 55% used [0x00000000eb980000,0x00000000eba0e900,0x00000000eba80000)
  to   space 2048K, 0% used [0x00000000eb680000,0x00000000eb680000,0x00000000eb880000)
 ParOldGen       total 304640K, used 249643K [0x00000000c0000000, 0x00000000d2980000, 0x00000000eab00000)
  object space 304640K, 81% used [0x00000000c0000000,0x00000000cf3caf88,0x00000000d2980000)
 Metaspace       used 90316K, committed 91904K, reserved 1179648K
  class space    used 9354K, committed 10112K, reserved 1048576K
}
Event: 330.650 GC heap before
{Heap before GC invocations=862 (full 16):
 PSYoungGen      total 9728K, used 9274K [0x00000000eab00000, 0x00000000eba80000, 0x0000000100000000)
  eden space 8704K, 100% used [0x00000000eab00000,0x00000000eb380000,0x00000000eb380000)
  from space 1024K, 55% used [0x00000000eb980000,0x00000000eba0e900,0x00000000eba80000)
  to   space 2048K, 0% used [0x00000000eb680000,0x00000000eb680000,0x00000000eb880000)
 ParOldGen       total 304640K, used 249643K [0x00000000c0000000, 0x00000000d2980000, 0x00000000eab00000)
  object space 304640K, 81% used [0x00000000c0000000,0x00000000cf3caf88,0x00000000d2980000)
 Metaspace       used 90336K, committed 91968K, reserved 1179648K
  class space    used 9354K, committed 10112K, reserved 1048576K
}
Event: 330.653 GC heap after
{Heap after GC invocations=862 (full 16):
 PSYoungGen      total 10752K, used 1263K [0x00000000eab00000, 0x00000000eba00000, 0x0000000100000000)
  eden space 8704K, 0% used [0x00000000eab00000,0x00000000eab00000,0x00000000eb380000)
  from space 2048K, 61% used [0x00000000eb680000,0x00000000eb7bbcc0,0x00000000eb880000)
  to   space 1536K, 0% used [0x00000000eb880000,0x00000000eb880000,0x00000000eba00000)
 ParOldGen       total 304640K, used 249800K [0x00000000c0000000, 0x00000000d2980000, 0x00000000eab00000)
  object space 304640K, 81% used [0x00000000c0000000,0x00000000cf3f2188,0x00000000d2980000)
 Metaspace       used 90336K, committed 91968K, reserved 1179648K
  class space    used 9354K, committed 10112K, reserved 1048576K
}
Event: 330.701 GC heap before
{Heap before GC invocations=863 (full 16):
 PSYoungGen      total 10752K, used 9967K [0x00000000eab00000, 0x00000000eba00000, 0x0000000100000000)
  eden space 8704K, 100% used [0x00000000eab00000,0x00000000eb380000,0x00000000eb380000)
  from space 2048K, 61% used [0x00000000eb680000,0x00000000eb7bbcc0,0x00000000eb880000)
  to   space 1536K, 0% used [0x00000000eb880000,0x00000000eb880000,0x00000000eba00000)
 ParOldGen       total 304640K, used 249800K [0x00000000c0000000, 0x00000000d2980000, 0x00000000eab00000)
  object space 304640K, 81% used [0x00000000c0000000,0x00000000cf3f2188,0x00000000d2980000)
 Metaspace       used 90355K, committed 91968K, reserved 1179648K
  class space    used 9354K, committed 10112K, reserved 1048576K
}
Event: 330.703 GC heap after
{Heap after GC invocations=863 (full 16):
 PSYoungGen      total 10240K, used 1277K [0x00000000eab00000, 0x00000000eba00000, 0x0000000100000000)
  eden space 8704K, 0% used [0x00000000eab00000,0x00000000eab00000,0x00000000eb380000)
  from space 1536K, 83% used [0x00000000eb880000,0x00000000eb9bf6f8,0x00000000eba00000)
  to   space 1536K, 0% used [0x00000000eb700000,0x00000000eb700000,0x00000000eb880000)
 ParOldGen       total 304640K, used 250088K [0x00000000c0000000, 0x00000000d2980000, 0x00000000eab00000)
  object space 304640K, 82% used [0x00000000c0000000,0x00000000cf43a188,0x00000000d2980000)
 Metaspace       used 90355K, committed 91968K, reserved 1179648K
  class space    used 9354K, committed 10112K, reserved 1048576K
}
Event: 331.005 GC heap before
{Heap before GC invocations=864 (full 16):
 PSYoungGen      total 10240K, used 9981K [0x00000000eab00000, 0x00000000eba00000, 0x0000000100000000)
  eden space 8704K, 100% used [0x00000000eab00000,0x00000000eb380000,0x00000000eb380000)
  from space 1536K, 83% used [0x00000000eb880000,0x00000000eb9bf6f8,0x00000000eba00000)
  to   space 1536K, 0% used [0x00000000eb700000,0x00000000eb700000,0x00000000eb880000)
 ParOldGen       total 304640K, used 250088K [0x00000000c0000000, 0x00000000d2980000, 0x00000000eab00000)
  object space 304640K, 82% used [0x00000000c0000000,0x00000000cf43a188,0x00000000d2980000)
 Metaspace       used 90367K, committed 91968K, reserved 1179648K
  class space    used 9354K, committed 10112K, reserved 1048576K
}
Event: 331.006 GC heap after
{Heap after GC invocations=864 (full 16):
 PSYoungGen      total 9728K, used 650K [0x00000000eab00000, 0x00000000eb900000, 0x0000000100000000)
  eden space 8704K, 0% used [0x00000000eab00000,0x00000000eab00000,0x00000000eb380000)
  from space 1024K, 63% used [0x00000000eb700000,0x00000000eb7a2930,0x00000000eb800000)
  to   space 1024K, 0% used [0x00000000eb800000,0x00000000eb800000,0x00000000eb900000)
 ParOldGen       total 304640K, used 250328K [0x00000000c0000000, 0x00000000d2980000, 0x00000000eab00000)
  object space 304640K, 82% used [0x00000000c0000000,0x00000000cf476188,0x00000000d2980000)
 Metaspace       used 90367K, committed 91968K, reserved 1179648K
  class space    used 9354K, committed 10112K, reserved 1048576K
}
Event: 331.050 GC heap before
{Heap before GC invocations=865 (full 16):
 PSYoungGen      total 9728K, used 9354K [0x00000000eab00000, 0x00000000eb900000, 0x0000000100000000)
  eden space 8704K, 100% used [0x00000000eab00000,0x00000000eb380000,0x00000000eb380000)
  from space 1024K, 63% used [0x00000000eb700000,0x00000000eb7a2930,0x00000000eb800000)
  to   space 1024K, 0% used [0x00000000eb800000,0x00000000eb800000,0x00000000eb900000)
 ParOldGen       total 304640K, used 250328K [0x00000000c0000000, 0x00000000d2980000, 0x00000000eab00000)
  object space 304640K, 82% used [0x00000000c0000000,0x00000000cf476188,0x00000000d2980000)
 Metaspace       used 90371K, committed 91968K, reserved 1179648K
  class space    used 9354K, committed 10112K, reserved 1048576K
}
Event: 331.052 GC heap after
{Heap after GC invocations=865 (full 16):
 PSYoungGen      total 9728K, used 986K [0x00000000eab00000, 0x00000000eb900000, 0x0000000100000000)
  eden space 8704K, 0% used [0x00000000eab00000,0x00000000eab00000,0x00000000eb380000)
  from space 1024K, 96% used [0x00000000eb800000,0x00000000eb8f6900,0x00000000eb900000)
  to   space 1536K, 0% used [0x00000000eb600000,0x00000000eb600000,0x00000000eb780000)
 ParOldGen       total 304640K, used 250828K [0x00000000c0000000, 0x00000000d2980000, 0x00000000eab00000)
  object space 304640K, 82% used [0x00000000c0000000,0x00000000cf4f33c8,0x00000000d2980000)
 Metaspace       used 90371K, committed 91968K, reserved 1179648K
  class space    used 9354K, committed 10112K, reserved 1048576K
}
Event: 333.379 GC heap before
{Heap before GC invocations=866 (full 16):
 PSYoungGen      total 9728K, used 9690K [0x00000000eab00000, 0x00000000eb900000, 0x0000000100000000)
  eden space 8704K, 100% used [0x00000000eab00000,0x00000000eb380000,0x00000000eb380000)
  from space 1024K, 96% used [0x00000000eb800000,0x00000000eb8f6900,0x00000000eb900000)
  to   space 1536K, 0% used [0x00000000eb600000,0x00000000eb600000,0x00000000eb780000)
 ParOldGen       total 304640K, used 250828K [0x00000000c0000000, 0x00000000d2980000, 0x00000000eab00000)
  object space 304640K, 82% used [0x00000000c0000000,0x00000000cf4f33c8,0x00000000d2980000)
 Metaspace       used 90412K, committed 92032K, reserved 1179648K
  class space    used 9354K, committed 10112K, reserved 1048576K
}
Event: 333.382 GC heap after
{Heap after GC invocations=866 (full 16):
 PSYoungGen      total 10240K, used 1201K [0x00000000eab00000, 0x00000000eb880000, 0x0000000100000000)
  eden space 8704K, 0% used [0x00000000eab00000,0x00000000eab00000,0x00000000eb380000)
  from space 1536K, 78% used [0x00000000eb600000,0x00000000eb72c660,0x00000000eb780000)
  to   space 1024K, 0% used [0x00000000eb780000,0x00000000eb780000,0x00000000eb880000)
 ParOldGen       total 304640K, used 251172K [0x00000000c0000000, 0x00000000d2980000, 0x00000000eab00000)
  object space 304640K, 82% used [0x00000000c0000000,0x00000000cf5493c8,0x00000000d2980000)
 Metaspace       used 90412K, committed 92032K, reserved 1179648K
  class space    used 9354K, committed 10112K, reserved 1048576K
}
Event: 333.431 GC heap before
{Heap before GC invocations=867 (full 16):
 PSYoungGen      total 10240K, used 9905K [0x00000000eab00000, 0x00000000eb880000, 0x0000000100000000)
  eden space 8704K, 100% used [0x00000000eab00000,0x00000000eb380000,0x00000000eb380000)
  from space 1536K, 78% used [0x00000000eb600000,0x00000000eb72c660,0x00000000eb780000)
  to   space 1024K, 0% used [0x00000000eb780000,0x00000000eb780000,0x00000000eb880000)
 ParOldGen       total 304640K, used 251172K [0x00000000c0000000, 0x00000000d2980000, 0x00000000eab00000)
  object space 304640K, 82% used [0x00000000c0000000,0x00000000cf5493c8,0x00000000d2980000)
 Metaspace       used 90413K, committed 92032K, reserved 1179648K
  class space    used 9354K, committed 10112K, reserved 1048576K
}
Event: 333.436 GC heap after
{Heap after GC invocations=867 (full 16):
 PSYoungGen      total 9728K, used 1009K [0x00000000eab00000, 0x00000000eba80000, 0x0000000100000000)
  eden space 8704K, 0% used [0x00000000eab00000,0x00000000eab00000,0x00000000eb380000)
  from space 1024K, 98% used [0x00000000eb780000,0x00000000eb87c660,0x00000000eb880000)
  to   space 3584K, 0% used [0x00000000eb380000,0x00000000eb380000,0x00000000eb700000)
 ParOldGen       total 304640K, used 253220K [0x00000000c0000000, 0x00000000d2980000, 0x00000000eab00000)
  object space 304640K, 83% used [0x00000000c0000000,0x00000000cf7493c8,0x00000000d2980000)
 Metaspace       used 90413K, committed 92032K, reserved 1179648K
  class space    used 9354K, committed 10112K, reserved 1048576K
}
Event: 333.525 GC heap before
{Heap before GC invocations=868 (full 16):
 PSYoungGen      total 9728K, used 9713K [0x00000000eab00000, 0x00000000eba80000, 0x0000000100000000)
  eden space 8704K, 100% used [0x00000000eab00000,0x00000000eb380000,0x00000000eb380000)
  from space 1024K, 98% used [0x00000000eb780000,0x00000000eb87c660,0x00000000eb880000)
  to   space 3584K, 0% used [0x00000000eb380000,0x00000000eb380000,0x00000000eb700000)
 ParOldGen       total 304640K, used 253220K [0x00000000c0000000, 0x00000000d2980000, 0x00000000eab00000)
  object space 304640K, 83% used [0x00000000c0000000,0x00000000cf7493c8,0x00000000d2980000)
 Metaspace       used 90413K, committed 92032K, reserved 1179648K
  class space    used 9354K, committed 10112K, reserved 1048576K
}
Event: 333.528 GC heap after
{Heap after GC invocations=868 (full 16):
 PSYoungGen      total 9216K, used 442K [0x00000000eab00000, 0x00000000eb800000, 0x0000000100000000)
  eden space 8704K, 0% used [0x00000000eab00000,0x00000000eab00000,0x00000000eb380000)
  from space 512K, 86% used [0x00000000eb380000,0x00000000eb3ee920,0x00000000eb400000)
  to   space 1536K, 0% used [0x00000000eb680000,0x00000000eb680000,0x00000000eb800000)
 ParOldGen       total 304640K, used 253228K [0x00000000c0000000, 0x00000000d2980000, 0x00000000eab00000)
  object space 304640K, 83% used [0x00000000c0000000,0x00000000cf74b3c8,0x00000000d2980000)
 Metaspace       used 90413K, committed 92032K, reserved 1179648K
  class space    used 9354K, committed 10112K, reserved 1048576K
}
Event: 365.039 GC heap before
{Heap before GC invocations=869 (full 16):
 PSYoungGen      total 9216K, used 9146K [0x00000000eab00000, 0x00000000eb800000, 0x0000000100000000)
  eden space 8704K, 100% used [0x00000000eab00000,0x00000000eb380000,0x00000000eb380000)
  from space 512K, 86% used [0x00000000eb380000,0x00000000eb3ee920,0x00000000eb400000)
  to   space 1536K, 0% used [0x00000000eb680000,0x00000000eb680000,0x00000000eb800000)
 ParOldGen       total 304640K, used 253228K [0x00000000c0000000, 0x00000000d2980000, 0x00000000eab00000)
  object space 304640K, 83% used [0x00000000c0000000,0x00000000cf74b3c8,0x00000000d2980000)
 Metaspace       used 90425K, committed 92032K, reserved 1179648K
  class space    used 9354K, committed 10112K, reserved 1048576K
}
Event: 365.041 GC heap after
{Heap after GC invocations=869 (full 16):
 PSYoungGen      total 9728K, used 688K [0x00000000eab00000, 0x00000000eb780000, 0x0000000100000000)
  eden space 8704K, 0% used [0x00000000eab00000,0x00000000eab00000,0x00000000eb380000)
  from space 1024K, 67% used [0x00000000eb680000,0x00000000eb72c030,0x00000000eb780000)
  to   space 1024K, 0% used [0x00000000eb580000,0x00000000eb580000,0x00000000eb680000)
 ParOldGen       total 304640K, used 253236K [0x00000000c0000000, 0x00000000d2980000, 0x00000000eab00000)
  object space 304640K, 83% used [0x00000000c0000000,0x00000000cf74d3c8,0x00000000d2980000)
 Metaspace       used 90425K, committed 92032K, reserved 1179648K
  class space    used 9354K, committed 10112K, reserved 1048576K
}

