# JRE version: OpenJDK Runtime Environment Temurin-17.0.13+11 (17.0.13+11) (build 17.0.13+11)
# Java VM: OpenJDK 64-Bit Server VM Temurin-17.0.13+11 (17.0.13+11, mixed mode, tiered, compressed oops, compressed class ptrs, parallel gc, windows-amd64)
GC Precious Log:
 CPUs: 12 total, 12 available
 Memory: 15753M
 Large Page Support: Disabled
 NUMA Support: Disabled
 Compressed Oops: Enabled (32-bit)
 Alignments: Space 512K, Generation 512K, Heap 2M
 Heap Min Capacity: 100M
 Heap Initial Capacity: 100M
 Heap Max Capacity: 1G
 Pre-touch: Disabled
 Parallel Workers: 10
Heap:
 PSYoungGen      total 12288K, used 12050K [0x00000000eab00000, 0x00000000eb980000, 0x0000000100000000)
  eden space 10752K, 98% used [0x00000000eab00000,0x00000000eb55ca20,0x00000000eb580000)
  from space 1536K, 93% used [0x00000000eb580000,0x00000000eb6e7e88,0x00000000eb700000)
  to   space 2048K, 0% used [0x00000000eb780000,0x00000000eb780000,0x00000000eb980000)
 ParOldGen       total 68608K, used 64209K [0x00000000c0000000, 0x00000000c4300000, 0x00000000eab00000)
  object space 68608K, 93% used [0x00000000c0000000,0x00000000c3eb4630,0x00000000c4300000)
 Metaspace       used 67535K, committed 68864K, reserved 1114112K
  class space    used 7162K, committed 7744K, reserved 1048576K
GC Heap History (20 events):
Event: 11.802 GC heap before
{Heap before GC invocations=67 (full 3):
 PSYoungGen      total 13312K, used 13184K [0x00000000eab00000, 0x00000000eb900000, 0x0000000100000000)
  eden space 12800K, 100% used [0x00000000eab00000,0x00000000eb780000,0x00000000eb780000)
  from space 512K, 75% used [0x00000000eb800000,0x00000000eb860000,0x00000000eb880000)
  to   space 512K, 0% used [0x00000000eb880000,0x00000000eb880000,0x00000000eb900000)
 ParOldGen       total 68608K, used 56319K [0x00000000c0000000, 0x00000000c4300000, 0x00000000eab00000)
  object space 68608K, 82% used [0x00000000c0000000,0x00000000c36ffc90,0x00000000c4300000)
 Metaspace       used 62314K, committed 63552K, reserved 1114112K
  class space    used 6680K, committed 7232K, reserved 1048576K
}
Event: 11.803 GC heap after
{Heap after GC invocations=67 (full 3):
 PSYoungGen      total 13312K, used 448K [0x00000000eab00000, 0x00000000eb900000, 0x0000000100000000)
  eden space 12800K, 0% used [0x00000000eab00000,0x00000000eab00000,0x00000000eb780000)
  from space 512K, 87% used [0x00000000eb880000,0x00000000eb8f0000,0x00000000eb900000)
  to   space 512K, 0% used [0x00000000eb800000,0x00000000eb800000,0x00000000eb880000)
 ParOldGen       total 68608K, used 56631K [0x00000000c0000000, 0x00000000c4300000, 0x00000000eab00000)
  object space 68608K, 82% used [0x00000000c0000000,0x00000000c374dc90,0x00000000c4300000)
 Metaspace       used 62314K, committed 63552K, reserved 1114112K
  class space    used 6680K, committed 7232K, reserved 1048576K
}
Event: 11.848 GC heap before
{Heap before GC invocations=68 (full 3):
 PSYoungGen      total 13312K, used 13248K [0x00000000eab00000, 0x00000000eb900000, 0x0000000100000000)
  eden space 12800K, 100% used [0x00000000eab00000,0x00000000eb780000,0x00000000eb780000)
  from space 512K, 87% used [0x00000000eb880000,0x00000000eb8f0000,0x00000000eb900000)
  to   space 512K, 0% used [0x00000000eb800000,0x00000000eb800000,0x00000000eb880000)
 ParOldGen       total 68608K, used 56631K [0x00000000c0000000, 0x00000000c4300000, 0x00000000eab00000)
  object space 68608K, 82% used [0x00000000c0000000,0x00000000c374dc90,0x00000000c4300000)
 Metaspace       used 62327K, committed 63552K, reserved 1114112K
  class space    used 6681K, committed 7232K, reserved 1048576K
}
Event: 11.850 GC heap after
{Heap after GC invocations=68 (full 3):
 PSYoungGen      total 13312K, used 510K [0x00000000eab00000, 0x00000000eba80000, 0x0000000100000000)
  eden space 12800K, 0% used [0x00000000eab00000,0x00000000eab00000,0x00000000eb780000)
  from space 512K, 99% used [0x00000000eb800000,0x00000000eb87fb28,0x00000000eb880000)
  to   space 1536K, 0% used [0x00000000eb900000,0x00000000eb900000,0x00000000eba80000)
 ParOldGen       total 68608K, used 57079K [0x00000000c0000000, 0x00000000c4300000, 0x00000000eab00000)
  object space 68608K, 83% used [0x00000000c0000000,0x00000000c37bdc90,0x00000000c4300000)
 Metaspace       used 62327K, committed 63552K, reserved 1114112K
  class space    used 6681K, committed 7232K, reserved 1048576K
}
Event: 11.889 GC heap before
{Heap before GC invocations=69 (full 3):
 PSYoungGen      total 13312K, used 12885K [0x00000000eab00000, 0x00000000eba80000, 0x0000000100000000)
  eden space 12800K, 96% used [0x00000000eab00000,0x00000000eb715ad0,0x00000000eb780000)
  from space 512K, 99% used [0x00000000eb800000,0x00000000eb87fb28,0x00000000eb880000)
  to   space 1536K, 0% used [0x00000000eb900000,0x00000000eb900000,0x00000000eba80000)
 ParOldGen       total 68608K, used 57079K [0x00000000c0000000, 0x00000000c4300000, 0x00000000eab00000)
  object space 68608K, 83% used [0x00000000c0000000,0x00000000c37bdc90,0x00000000c4300000)
 Metaspace       used 62331K, committed 63552K, reserved 1114112K
  class space    used 6681K, committed 7232K, reserved 1048576K
}
Event: 11.890 GC heap after
{Heap after GC invocations=69 (full 3):
 PSYoungGen      total 13824K, used 756K [0x00000000eab00000, 0x00000000eba00000, 0x0000000100000000)
  eden space 12800K, 0% used [0x00000000eab00000,0x00000000eab00000,0x00000000eb780000)
  from space 1024K, 73% used [0x00000000eb900000,0x00000000eb9bd180,0x00000000eba00000)
  to   space 1024K, 0% used [0x00000000eb800000,0x00000000eb800000,0x00000000eb900000)
 ParOldGen       total 68608K, used 57565K [0x00000000c0000000, 0x00000000c4300000, 0x00000000eab00000)
  object space 68608K, 83% used [0x00000000c0000000,0x00000000c3837590,0x00000000c4300000)
 Metaspace       used 62331K, committed 63552K, reserved 1114112K
  class space    used 6681K, committed 7232K, reserved 1048576K
}
Event: 11.934 GC heap before
{Heap before GC invocations=70 (full 3):
 PSYoungGen      total 13824K, used 13556K [0x00000000eab00000, 0x00000000eba00000, 0x0000000100000000)
  eden space 12800K, 100% used [0x00000000eab00000,0x00000000eb780000,0x00000000eb780000)
  from space 1024K, 73% used [0x00000000eb900000,0x00000000eb9bd180,0x00000000eba00000)
  to   space 1024K, 0% used [0x00000000eb800000,0x00000000eb800000,0x00000000eb900000)
 ParOldGen       total 68608K, used 57565K [0x00000000c0000000, 0x00000000c4300000, 0x00000000eab00000)
  object space 68608K, 83% used [0x00000000c0000000,0x00000000c3837590,0x00000000c4300000)
 Metaspace       used 62341K, committed 63616K, reserved 1114112K
  class space    used 6681K, committed 7232K, reserved 1048576K
}
Event: 11.936 GC heap after
{Heap after GC invocations=70 (full 3):
 PSYoungGen      total 13824K, used 608K [0x00000000eab00000, 0x00000000eb980000, 0x0000000100000000)
  eden space 12800K, 0% used [0x00000000eab00000,0x00000000eab00000,0x00000000eb780000)
  from space 1024K, 59% used [0x00000000eb800000,0x00000000eb898188,0x00000000eb900000)
  to   space 512K, 0% used [0x00000000eb900000,0x00000000eb900000,0x00000000eb980000)
 ParOldGen       total 68608K, used 58911K [0x00000000c0000000, 0x00000000c4300000, 0x00000000eab00000)
  object space 68608K, 85% used [0x00000000c0000000,0x00000000c3987c38,0x00000000c4300000)
 Metaspace       used 62341K, committed 63616K, reserved 1114112K
  class space    used 6681K, committed 7232K, reserved 1048576K
}
Event: 12.139 GC heap before
{Heap before GC invocations=71 (full 3):
 PSYoungGen      total 13824K, used 13408K [0x00000000eab00000, 0x00000000eb980000, 0x0000000100000000)
  eden space 12800K, 100% used [0x00000000eab00000,0x00000000eb780000,0x00000000eb780000)
  from space 1024K, 59% used [0x00000000eb800000,0x00000000eb898188,0x00000000eb900000)
  to   space 512K, 0% used [0x00000000eb900000,0x00000000eb900000,0x00000000eb980000)
 ParOldGen       total 68608K, used 58911K [0x00000000c0000000, 0x00000000c4300000, 0x00000000eab00000)
  object space 68608K, 85% used [0x00000000c0000000,0x00000000c3987c38,0x00000000c4300000)
 Metaspace       used 63415K, committed 64704K, reserved 1114112K
  class space    used 6791K, committed 7360K, reserved 1048576K
}
Event: 12.141 GC heap after
{Heap after GC invocations=71 (full 3):
 PSYoungGen      total 13312K, used 511K [0x00000000eab00000, 0x00000000eba80000, 0x0000000100000000)
  eden space 12800K, 0% used [0x00000000eab00000,0x00000000eab00000,0x00000000eb780000)
  from space 512K, 99% used [0x00000000eb900000,0x00000000eb97fd98,0x00000000eb980000)
  to   space 1536K, 0% used [0x00000000eb780000,0x00000000eb780000,0x00000000eb900000)
 ParOldGen       total 68608K, used 59796K [0x00000000c0000000, 0x00000000c4300000, 0x00000000eab00000)
  object space 68608K, 87% used [0x00000000c0000000,0x00000000c3a650a0,0x00000000c4300000)
 Metaspace       used 63415K, committed 64704K, reserved 1114112K
  class space    used 6791K, committed 7360K, reserved 1048576K
}
Event: 12.400 GC heap before
{Heap before GC invocations=72 (full 3):
 PSYoungGen      total 13312K, used 13311K [0x00000000eab00000, 0x00000000eba80000, 0x0000000100000000)
  eden space 12800K, 100% used [0x00000000eab00000,0x00000000eb780000,0x00000000eb780000)
  from space 512K, 99% used [0x00000000eb900000,0x00000000eb97fd98,0x00000000eb980000)
  to   space 1536K, 0% used [0x00000000eb780000,0x00000000eb780000,0x00000000eb900000)
 ParOldGen       total 68608K, used 59796K [0x00000000c0000000, 0x00000000c4300000, 0x00000000eab00000)
  object space 68608K, 87% used [0x00000000c0000000,0x00000000c3a650a0,0x00000000c4300000)
 Metaspace       used 63996K, committed 65216K, reserved 1114112K
  class space    used 6842K, committed 7360K, reserved 1048576K
}
Event: 12.403 GC heap after
{Heap after GC invocations=72 (full 3):
 PSYoungGen      total 14336K, used 1040K [0x00000000eab00000, 0x00000000eba80000, 0x0000000100000000)
  eden space 12800K, 0% used [0x00000000eab00000,0x00000000eab00000,0x00000000eb780000)
  from space 1536K, 67% used [0x00000000eb780000,0x00000000eb884040,0x00000000eb900000)
  to   space 1536K, 0% used [0x00000000eb900000,0x00000000eb900000,0x00000000eba80000)
 ParOldGen       total 68608K, used 60316K [0x00000000c0000000, 0x00000000c4300000, 0x00000000eab00000)
  object space 68608K, 87% used [0x00000000c0000000,0x00000000c3ae7160,0x00000000c4300000)
 Metaspace       used 63996K, committed 65216K, reserved 1114112K
  class space    used 6842K, committed 7360K, reserved 1048576K
}
Event: 12.791 GC heap before
{Heap before GC invocations=73 (full 3):
 PSYoungGen      total 14336K, used 13840K [0x00000000eab00000, 0x00000000eba80000, 0x0000000100000000)
  eden space 12800K, 100% used [0x00000000eab00000,0x00000000eb780000,0x00000000eb780000)
  from space 1536K, 67% used [0x00000000eb780000,0x00000000eb884040,0x00000000eb900000)
  to   space 1536K, 0% used [0x00000000eb900000,0x00000000eb900000,0x00000000eba80000)
 ParOldGen       total 68608K, used 60316K [0x00000000c0000000, 0x00000000c4300000, 0x00000000eab00000)
  object space 68608K, 87% used [0x00000000c0000000,0x00000000c3ae7160,0x00000000c4300000)
 Metaspace       used 65009K, committed 66304K, reserved 1114112K
  class space    used 6946K, committed 7488K, reserved 1048576K
}
Event: 12.797 GC heap after
{Heap after GC invocations=73 (full 3):
 PSYoungGen      total 13824K, used 1531K [0x00000000eab00000, 0x00000000ebb80000, 0x0000000100000000)
  eden space 12288K, 0% used [0x00000000eab00000,0x00000000eab00000,0x00000000eb700000)
  from space 1536K, 99% used [0x00000000eb900000,0x00000000eba7ec10,0x00000000eba80000)
  to   space 2048K, 0% used [0x00000000eb700000,0x00000000eb700000,0x00000000eb900000)
 ParOldGen       total 68608K, used 61200K [0x00000000c0000000, 0x00000000c4300000, 0x00000000eab00000)
  object space 68608K, 89% used [0x00000000c0000000,0x00000000c3bc41b0,0x00000000c4300000)
 Metaspace       used 65009K, committed 66304K, reserved 1114112K
  class space    used 6946K, committed 7488K, reserved 1048576K
}
Event: 14.503 GC heap before
{Heap before GC invocations=74 (full 3):
 PSYoungGen      total 13824K, used 13819K [0x00000000eab00000, 0x00000000ebb80000, 0x0000000100000000)
  eden space 12288K, 100% used [0x00000000eab00000,0x00000000eb700000,0x00000000eb700000)
  from space 1536K, 99% used [0x00000000eb900000,0x00000000eba7ec10,0x00000000eba80000)
  to   space 2048K, 0% used [0x00000000eb700000,0x00000000eb700000,0x00000000eb900000)
 ParOldGen       total 68608K, used 61200K [0x00000000c0000000, 0x00000000c4300000, 0x00000000eab00000)
  object space 68608K, 89% used [0x00000000c0000000,0x00000000c3bc41b0,0x00000000c4300000)
 Metaspace       used 65654K, committed 67072K, reserved 1114112K
  class space    used 6983K, committed 7616K, reserved 1048576K
}
Event: 14.506 GC heap after
{Heap after GC invocations=74 (full 3):
 PSYoungGen      total 13312K, used 820K [0x00000000eab00000, 0x00000000eba00000, 0x0000000100000000)
  eden space 12288K, 0% used [0x00000000eab00000,0x00000000eab00000,0x00000000eb700000)
  from space 1024K, 80% used [0x00000000eb700000,0x00000000eb7cd220,0x00000000eb800000)
  to   space 1536K, 0% used [0x00000000eb880000,0x00000000eb880000,0x00000000eba00000)
 ParOldGen       total 68608K, used 62184K [0x00000000c0000000, 0x00000000c4300000, 0x00000000eab00000)
  object space 68608K, 90% used [0x00000000c0000000,0x00000000c3cba310,0x00000000c4300000)
 Metaspace       used 65654K, committed 67072K, reserved 1114112K
  class space    used 6983K, committed 7616K, reserved 1048576K
}
Event: 14.694 GC heap before
{Heap before GC invocations=75 (full 3):
 PSYoungGen      total 13312K, used 13108K [0x00000000eab00000, 0x00000000eba00000, 0x0000000100000000)
  eden space 12288K, 100% used [0x00000000eab00000,0x00000000eb700000,0x00000000eb700000)
  from space 1024K, 80% used [0x00000000eb700000,0x00000000eb7cd220,0x00000000eb800000)
  to   space 1536K, 0% used [0x00000000eb880000,0x00000000eb880000,0x00000000eba00000)
 ParOldGen       total 68608K, used 62184K [0x00000000c0000000, 0x00000000c4300000, 0x00000000eab00000)
  object space 68608K, 90% used [0x00000000c0000000,0x00000000c3cba310,0x00000000c4300000)
 Metaspace       used 65764K, committed 67136K, reserved 1114112K
  class space    used 6986K, committed 7616K, reserved 1048576K
}
Event: 14.699 GC heap after
{Heap after GC invocations=75 (full 3):
 PSYoungGen      total 12288K, used 1531K [0x00000000eab00000, 0x00000000ebd00000, 0x0000000100000000)
  eden space 10752K, 0% used [0x00000000eab00000,0x00000000eab00000,0x00000000eb580000)
  from space 1536K, 99% used [0x00000000eb880000,0x00000000eb9fec50,0x00000000eba00000)
  to   space 3072K, 0% used [0x00000000eb580000,0x00000000eb580000,0x00000000eb880000)
 ParOldGen       total 68608K, used 63207K [0x00000000c0000000, 0x00000000c4300000, 0x00000000eab00000)
  object space 68608K, 92% used [0x00000000c0000000,0x00000000c3db9ca0,0x00000000c4300000)
 Metaspace       used 65764K, committed 67136K, reserved 1114112K
  class space    used 6986K, committed 7616K, reserved 1048576K
}
Event: 14.894 GC heap before
{Heap before GC invocations=76 (full 3):
 PSYoungGen      total 12288K, used 12234K [0x00000000eab00000, 0x00000000ebd00000, 0x0000000100000000)
  eden space 10752K, 99% used [0x00000000eab00000,0x00000000eb573d08,0x00000000eb580000)
  from space 1536K, 99% used [0x00000000eb880000,0x00000000eb9fec50,0x00000000eba00000)
  to   space 3072K, 0% used [0x00000000eb580000,0x00000000eb580000,0x00000000eb880000)
 ParOldGen       total 68608K, used 63207K [0x00000000c0000000, 0x00000000c4300000, 0x00000000eab00000)
  object space 68608K, 92% used [0x00000000c0000000,0x00000000c3db9ca0,0x00000000c4300000)
 Metaspace       used 66562K, committed 67904K, reserved 1114112K
  class space    used 7059K, committed 7680K, reserved 1048576K
}
Event: 14.899 GC heap after
{Heap after GC invocations=76 (full 3):
 PSYoungGen      total 12288K, used 1439K [0x00000000eab00000, 0x00000000eb980000, 0x0000000100000000)
  eden space 10752K, 0% used [0x00000000eab00000,0x00000000eab00000,0x00000000eb580000)
  from space 1536K, 93% used [0x00000000eb580000,0x00000000eb6e7e88,0x00000000eb700000)
  to   space 2048K, 0% used [0x00000000eb780000,0x00000000eb780000,0x00000000eb980000)
 ParOldGen       total 68608K, used 64209K [0x00000000c0000000, 0x00000000c4300000, 0x00000000eab00000)
  object space 68608K, 93% used [0x00000000c0000000,0x00000000c3eb4630,0x00000000c4300000)
 Metaspace       used 66562K, committed 67904K, reserved 1114112K
  class space    used 7059K, committed 7680K, reserved 1048576K
}

