# JRE version: OpenJDK Runtime Environment Temurin-17.0.13+11 (17.0.13+11) (build 17.0.13+11)
# Java VM: OpenJDK 64-Bit Server VM Temurin-17.0.13+11 (17.0.13+11, mixed mode, tiered, compressed oops, compressed class ptrs, parallel gc, windows-amd64)
GC Precious Log:
 CPUs: 12 total, 12 available
 Memory: 15753M
 Large Page Support: Disabled
 NUMA Support: Disabled
 Compressed Oops: Enabled (32-bit)
 Alignments: Space 512K, Generation 512K, Heap 2M
 Heap Min Capacity: 100M
 Heap Initial Capacity: 100M
 Heap Max Capacity: 1G
 Pre-touch: Disabled
 Parallel Workers: 10
Heap:
 PSYoungGen      total 8192K, used 7844K [0x00000000eab00000, 0x00000000eb480000, 0x0000000100000000)
  eden space 6656K, 100% used [0x00000000eab00000,0x00000000eb180000,0x00000000eb180000)
  from space 1536K, 77% used [0x00000000eb180000,0x00000000eb2a90c8,0x00000000eb300000)
  to   space 1536K, 0% used [0x00000000eb300000,0x00000000eb300000,0x00000000eb480000)
 ParOldGen       total 142336K, used 128880K [0x00000000c0000000, 0x00000000c8b00000, 0x00000000eab00000)
  object space 142336K, 90% used [0x00000000c0000000,0x00000000c7ddc098,0x00000000c8b00000)
 Metaspace       used 61131K, committed 62208K, reserved 1114112K
  class space    used 6534K, committed 7040K, reserved 1048576K
GC Heap History (20 events):
Event: 9.761 GC heap before
{Heap before GC invocations=78 (full 5):
 PSYoungGen      total 8192K, used 7857K [0x00000000eab00000, 0x00000000eb580000, 0x0000000100000000)
  eden space 6656K, 99% used [0x00000000eab00000,0x00000000eb17fc78,0x00000000eb180000)
  from space 1536K, 78% used [0x00000000eb180000,0x00000000eb2ac860,0x00000000eb300000)
  to   space 2048K, 0% used [0x00000000eb380000,0x00000000eb380000,0x00000000eb580000)
 ParOldGen       total 142336K, used 119091K [0x00000000c0000000, 0x00000000c8b00000, 0x00000000eab00000)
  object space 142336K, 83% used [0x00000000c0000000,0x00000000c744cd00,0x00000000c8b00000)
 Metaspace       used 60499K, committed 61568K, reserved 1114112K
  class space    used 6485K, committed 6976K, reserved 1048576K
}
Event: 9.763 GC heap after
{Heap after GC invocations=78 (full 5):
 PSYoungGen      total 8192K, used 1152K [0x00000000eab00000, 0x00000000eb500000, 0x0000000100000000)
  eden space 6656K, 0% used [0x00000000eab00000,0x00000000eab00000,0x00000000eb180000)
  from space 1536K, 75% used [0x00000000eb380000,0x00000000eb4a0000,0x00000000eb500000)
  to   space 1536K, 0% used [0x00000000eb180000,0x00000000eb180000,0x00000000eb300000)
 ParOldGen       total 142336K, used 120134K [0x00000000c0000000, 0x00000000c8b00000, 0x00000000eab00000)
  object space 142336K, 84% used [0x00000000c0000000,0x00000000c7551808,0x00000000c8b00000)
 Metaspace       used 60499K, committed 61568K, reserved 1114112K
  class space    used 6485K, committed 6976K, reserved 1048576K
}
Event: 9.783 GC heap before
{Heap before GC invocations=79 (full 5):
 PSYoungGen      total 8192K, used 7804K [0x00000000eab00000, 0x00000000eb500000, 0x0000000100000000)
  eden space 6656K, 99% used [0x00000000eab00000,0x00000000eb17f1f0,0x00000000eb180000)
  from space 1536K, 75% used [0x00000000eb380000,0x00000000eb4a0000,0x00000000eb500000)
  to   space 1536K, 0% used [0x00000000eb180000,0x00000000eb180000,0x00000000eb300000)
 ParOldGen       total 142336K, used 120134K [0x00000000c0000000, 0x00000000c8b00000, 0x00000000eab00000)
  object space 142336K, 84% used [0x00000000c0000000,0x00000000c7551808,0x00000000c8b00000)
 Metaspace       used 60550K, committed 61696K, reserved 1114112K
  class space    used 6495K, committed 7040K, reserved 1048576K
}
Event: 9.785 GC heap after
{Heap after GC invocations=79 (full 5):
 PSYoungGen      total 8192K, used 1066K [0x00000000eab00000, 0x00000000eb480000, 0x0000000100000000)
  eden space 6656K, 0% used [0x00000000eab00000,0x00000000eab00000,0x00000000eb180000)
  from space 1536K, 69% used [0x00000000eb180000,0x00000000eb28abc8,0x00000000eb300000)
  to   space 1536K, 0% used [0x00000000eb300000,0x00000000eb300000,0x00000000eb480000)
 ParOldGen       total 142336K, used 121187K [0x00000000c0000000, 0x00000000c8b00000, 0x00000000eab00000)
  object space 142336K, 85% used [0x00000000c0000000,0x00000000c7658e78,0x00000000c8b00000)
 Metaspace       used 60550K, committed 61696K, reserved 1114112K
  class space    used 6495K, committed 7040K, reserved 1048576K
}
Event: 9.813 GC heap before
{Heap before GC invocations=80 (full 5):
 PSYoungGen      total 8192K, used 7722K [0x00000000eab00000, 0x00000000eb480000, 0x0000000100000000)
  eden space 6656K, 100% used [0x00000000eab00000,0x00000000eb180000,0x00000000eb180000)
  from space 1536K, 69% used [0x00000000eb180000,0x00000000eb28abc8,0x00000000eb300000)
  to   space 1536K, 0% used [0x00000000eb300000,0x00000000eb300000,0x00000000eb480000)
 ParOldGen       total 142336K, used 121187K [0x00000000c0000000, 0x00000000c8b00000, 0x00000000eab00000)
  object space 142336K, 85% used [0x00000000c0000000,0x00000000c7658e78,0x00000000c8b00000)
 Metaspace       used 60633K, committed 61760K, reserved 1114112K
  class space    used 6505K, committed 7040K, reserved 1048576K
}
Event: 9.815 GC heap after
{Heap after GC invocations=80 (full 5):
 PSYoungGen      total 8192K, used 1111K [0x00000000eab00000, 0x00000000eb480000, 0x0000000100000000)
  eden space 6656K, 0% used [0x00000000eab00000,0x00000000eab00000,0x00000000eb180000)
  from space 1536K, 72% used [0x00000000eb300000,0x00000000eb415ce0,0x00000000eb480000)
  to   space 1536K, 0% used [0x00000000eb180000,0x00000000eb180000,0x00000000eb300000)
 ParOldGen       total 142336K, used 122070K [0x00000000c0000000, 0x00000000c8b00000, 0x00000000eab00000)
  object space 142336K, 85% used [0x00000000c0000000,0x00000000c7735b88,0x00000000c8b00000)
 Metaspace       used 60633K, committed 61760K, reserved 1114112K
  class space    used 6505K, committed 7040K, reserved 1048576K
}
Event: 9.835 GC heap before
{Heap before GC invocations=81 (full 5):
 PSYoungGen      total 8192K, used 7760K [0x00000000eab00000, 0x00000000eb480000, 0x0000000100000000)
  eden space 6656K, 99% used [0x00000000eab00000,0x00000000eb17e540,0x00000000eb180000)
  from space 1536K, 72% used [0x00000000eb300000,0x00000000eb415ce0,0x00000000eb480000)
  to   space 1536K, 0% used [0x00000000eb180000,0x00000000eb180000,0x00000000eb300000)
 ParOldGen       total 142336K, used 122070K [0x00000000c0000000, 0x00000000c8b00000, 0x00000000eab00000)
  object space 142336K, 85% used [0x00000000c0000000,0x00000000c7735b88,0x00000000c8b00000)
 Metaspace       used 60763K, committed 61888K, reserved 1114112K
  class space    used 6509K, committed 7040K, reserved 1048576K
}
Event: 9.836 GC heap after
{Heap after GC invocations=81 (full 5):
 PSYoungGen      total 8192K, used 1053K [0x00000000eab00000, 0x00000000eb480000, 0x0000000100000000)
  eden space 6656K, 0% used [0x00000000eab00000,0x00000000eab00000,0x00000000eb180000)
  from space 1536K, 68% used [0x00000000eb180000,0x00000000eb2877d8,0x00000000eb300000)
  to   space 1536K, 0% used [0x00000000eb300000,0x00000000eb300000,0x00000000eb480000)
 ParOldGen       total 142336K, used 123008K [0x00000000c0000000, 0x00000000c8b00000, 0x00000000eab00000)
  object space 142336K, 86% used [0x00000000c0000000,0x00000000c7820330,0x00000000c8b00000)
 Metaspace       used 60763K, committed 61888K, reserved 1114112K
  class space    used 6509K, committed 7040K, reserved 1048576K
}
Event: 9.858 GC heap before
{Heap before GC invocations=82 (full 5):
 PSYoungGen      total 8192K, used 7677K [0x00000000eab00000, 0x00000000eb480000, 0x0000000100000000)
  eden space 6656K, 99% used [0x00000000eab00000,0x00000000eb177e28,0x00000000eb180000)
  from space 1536K, 68% used [0x00000000eb180000,0x00000000eb2877d8,0x00000000eb300000)
  to   space 1536K, 0% used [0x00000000eb300000,0x00000000eb300000,0x00000000eb480000)
 ParOldGen       total 142336K, used 123008K [0x00000000c0000000, 0x00000000c8b00000, 0x00000000eab00000)
  object space 142336K, 86% used [0x00000000c0000000,0x00000000c7820330,0x00000000c8b00000)
 Metaspace       used 60815K, committed 61952K, reserved 1114112K
  class space    used 6516K, committed 7040K, reserved 1048576K
}
Event: 9.860 GC heap after
{Heap after GC invocations=82 (full 5):
 PSYoungGen      total 8192K, used 1120K [0x00000000eab00000, 0x00000000eb480000, 0x0000000100000000)
  eden space 6656K, 0% used [0x00000000eab00000,0x00000000eab00000,0x00000000eb180000)
  from space 1536K, 72% used [0x00000000eb300000,0x00000000eb418000,0x00000000eb480000)
  to   space 1536K, 0% used [0x00000000eb180000,0x00000000eb180000,0x00000000eb300000)
 ParOldGen       total 142336K, used 123973K [0x00000000c0000000, 0x00000000c8b00000, 0x00000000eab00000)
  object space 142336K, 87% used [0x00000000c0000000,0x00000000c79117d0,0x00000000c8b00000)
 Metaspace       used 60815K, committed 61952K, reserved 1114112K
  class space    used 6516K, committed 7040K, reserved 1048576K
}
Event: 9.875 GC heap before
{Heap before GC invocations=83 (full 5):
 PSYoungGen      total 8192K, used 7776K [0x00000000eab00000, 0x00000000eb480000, 0x0000000100000000)
  eden space 6656K, 100% used [0x00000000eab00000,0x00000000eb180000,0x00000000eb180000)
  from space 1536K, 72% used [0x00000000eb300000,0x00000000eb418000,0x00000000eb480000)
  to   space 1536K, 0% used [0x00000000eb180000,0x00000000eb180000,0x00000000eb300000)
 ParOldGen       total 142336K, used 123973K [0x00000000c0000000, 0x00000000c8b00000, 0x00000000eab00000)
  object space 142336K, 87% used [0x00000000c0000000,0x00000000c79117d0,0x00000000c8b00000)
 Metaspace       used 60846K, committed 61952K, reserved 1114112K
  class space    used 6517K, committed 7040K, reserved 1048576K
}
Event: 9.877 GC heap after
{Heap after GC invocations=83 (full 5):
 PSYoungGen      total 8192K, used 1027K [0x00000000eab00000, 0x00000000eb480000, 0x0000000100000000)
  eden space 6656K, 0% used [0x00000000eab00000,0x00000000eab00000,0x00000000eb180000)
  from space 1536K, 66% used [0x00000000eb180000,0x00000000eb280d70,0x00000000eb300000)
  to   space 1536K, 0% used [0x00000000eb300000,0x00000000eb300000,0x00000000eb480000)
 ParOldGen       total 142336K, used 124954K [0x00000000c0000000, 0x00000000c8b00000, 0x00000000eab00000)
  object space 142336K, 87% used [0x00000000c0000000,0x00000000c7a06948,0x00000000c8b00000)
 Metaspace       used 60846K, committed 61952K, reserved 1114112K
  class space    used 6517K, committed 7040K, reserved 1048576K
}
Event: 9.892 GC heap before
{Heap before GC invocations=84 (full 5):
 PSYoungGen      total 8192K, used 7683K [0x00000000eab00000, 0x00000000eb480000, 0x0000000100000000)
  eden space 6656K, 100% used [0x00000000eab00000,0x00000000eb180000,0x00000000eb180000)
  from space 1536K, 66% used [0x00000000eb180000,0x00000000eb280d70,0x00000000eb300000)
  to   space 1536K, 0% used [0x00000000eb300000,0x00000000eb300000,0x00000000eb480000)
 ParOldGen       total 142336K, used 124954K [0x00000000c0000000, 0x00000000c8b00000, 0x00000000eab00000)
  object space 142336K, 87% used [0x00000000c0000000,0x00000000c7a06968,0x00000000c8b00000)
 Metaspace       used 60866K, committed 62016K, reserved 1114112K
  class space    used 6517K, committed 7040K, reserved 1048576K
}
Event: 9.894 GC heap after
{Heap after GC invocations=84 (full 5):
 PSYoungGen      total 8192K, used 1026K [0x00000000eab00000, 0x00000000eb480000, 0x0000000100000000)
  eden space 6656K, 0% used [0x00000000eab00000,0x00000000eab00000,0x00000000eb180000)
  from space 1536K, 66% used [0x00000000eb300000,0x00000000eb400910,0x00000000eb480000)
  to   space 1536K, 0% used [0x00000000eb180000,0x00000000eb180000,0x00000000eb300000)
 ParOldGen       total 142336K, used 125816K [0x00000000c0000000, 0x00000000c8b00000, 0x00000000eab00000)
  object space 142336K, 88% used [0x00000000c0000000,0x00000000c7ade380,0x00000000c8b00000)
 Metaspace       used 60866K, committed 62016K, reserved 1114112K
  class space    used 6517K, committed 7040K, reserved 1048576K
}
Event: 9.916 GC heap before
{Heap before GC invocations=85 (full 5):
 PSYoungGen      total 8192K, used 7682K [0x00000000eab00000, 0x00000000eb480000, 0x0000000100000000)
  eden space 6656K, 100% used [0x00000000eab00000,0x00000000eb180000,0x00000000eb180000)
  from space 1536K, 66% used [0x00000000eb300000,0x00000000eb400910,0x00000000eb480000)
  to   space 1536K, 0% used [0x00000000eb180000,0x00000000eb180000,0x00000000eb300000)
 ParOldGen       total 142336K, used 125819K [0x00000000c0000000, 0x00000000c8b00000, 0x00000000eab00000)
  object space 142336K, 88% used [0x00000000c0000000,0x00000000c7adef70,0x00000000c8b00000)
 Metaspace       used 60887K, committed 62016K, reserved 1114112K
  class space    used 6519K, committed 7040K, reserved 1048576K
}
Event: 9.917 GC heap after
{Heap after GC invocations=85 (full 5):
 PSYoungGen      total 8192K, used 1342K [0x00000000eab00000, 0x00000000eb480000, 0x0000000100000000)
  eden space 6656K, 0% used [0x00000000eab00000,0x00000000eab00000,0x00000000eb180000)
  from space 1536K, 87% used [0x00000000eb180000,0x00000000eb2cfbe8,0x00000000eb300000)
  to   space 1536K, 0% used [0x00000000eb300000,0x00000000eb300000,0x00000000eb480000)
 ParOldGen       total 142336K, used 126668K [0x00000000c0000000, 0x00000000c8b00000, 0x00000000eab00000)
  object space 142336K, 88% used [0x00000000c0000000,0x00000000c7bb3078,0x00000000c8b00000)
 Metaspace       used 60887K, committed 62016K, reserved 1114112K
  class space    used 6519K, committed 7040K, reserved 1048576K
}
Event: 9.934 GC heap before
{Heap before GC invocations=86 (full 5):
 PSYoungGen      total 8192K, used 7998K [0x00000000eab00000, 0x00000000eb480000, 0x0000000100000000)
  eden space 6656K, 100% used [0x00000000eab00000,0x00000000eb180000,0x00000000eb180000)
  from space 1536K, 87% used [0x00000000eb180000,0x00000000eb2cfbe8,0x00000000eb300000)
  to   space 1536K, 0% used [0x00000000eb300000,0x00000000eb300000,0x00000000eb480000)
 ParOldGen       total 142336K, used 126668K [0x00000000c0000000, 0x00000000c8b00000, 0x00000000eab00000)
  object space 142336K, 88% used [0x00000000c0000000,0x00000000c7bb3078,0x00000000c8b00000)
 Metaspace       used 60942K, committed 62080K, reserved 1114112K
  class space    used 6523K, committed 7040K, reserved 1048576K
}
Event: 9.936 GC heap after
{Heap after GC invocations=86 (full 5):
 PSYoungGen      total 8192K, used 1222K [0x00000000eab00000, 0x00000000eb480000, 0x0000000100000000)
  eden space 6656K, 0% used [0x00000000eab00000,0x00000000eab00000,0x00000000eb180000)
  from space 1536K, 79% used [0x00000000eb300000,0x00000000eb431860,0x00000000eb480000)
  to   space 1536K, 0% used [0x00000000eb180000,0x00000000eb180000,0x00000000eb300000)
 ParOldGen       total 142336K, used 127848K [0x00000000c0000000, 0x00000000c8b00000, 0x00000000eab00000)
  object space 142336K, 89% used [0x00000000c0000000,0x00000000c7cda3b0,0x00000000c8b00000)
 Metaspace       used 60942K, committed 62080K, reserved 1114112K
  class space    used 6523K, committed 7040K, reserved 1048576K
}
Event: 9.953 GC heap before
{Heap before GC invocations=87 (full 5):
 PSYoungGen      total 8192K, used 7878K [0x00000000eab00000, 0x00000000eb480000, 0x0000000100000000)
  eden space 6656K, 100% used [0x00000000eab00000,0x00000000eb180000,0x00000000eb180000)
  from space 1536K, 79% used [0x00000000eb300000,0x00000000eb431860,0x00000000eb480000)
  to   space 1536K, 0% used [0x00000000eb180000,0x00000000eb180000,0x00000000eb300000)
 ParOldGen       total 142336K, used 127848K [0x00000000c0000000, 0x00000000c8b00000, 0x00000000eab00000)
  object space 142336K, 89% used [0x00000000c0000000,0x00000000c7cda3b0,0x00000000c8b00000)
 Metaspace       used 61123K, committed 62208K, reserved 1114112K
  class space    used 6534K, committed 7040K, reserved 1048576K
}
Event: 9.954 GC heap after
{Heap after GC invocations=87 (full 5):
 PSYoungGen      total 8192K, used 1188K [0x00000000eab00000, 0x00000000eb480000, 0x0000000100000000)
  eden space 6656K, 0% used [0x00000000eab00000,0x00000000eab00000,0x00000000eb180000)
  from space 1536K, 77% used [0x00000000eb180000,0x00000000eb2a90c8,0x00000000eb300000)
  to   space 1536K, 0% used [0x00000000eb300000,0x00000000eb300000,0x00000000eb480000)
 ParOldGen       total 142336K, used 128880K [0x00000000c0000000, 0x00000000c8b00000, 0x00000000eab00000)
  object space 142336K, 90% used [0x00000000c0000000,0x00000000c7ddc098,0x00000000c8b00000)
 Metaspace       used 61123K, committed 62208K, reserved 1114112K
  class space    used 6534K, committed 7040K, reserved 1048576K
}

