# JRE version: OpenJDK Runtime Environment Temurin-17.0.13+11 (17.0.13+11) (build 17.0.13+11)
# Java VM: OpenJDK 64-Bit Server VM Temurin-17.0.13+11 (17.0.13+11, mixed mode, tiered, compressed oops, compressed class ptrs, parallel gc, windows-amd64)
GC Precious Log:
 CPUs: 12 total, 12 available
 Memory: 15753M
 Large Page Support: Disabled
 NUMA Support: Disabled
 Compressed Oops: Enabled (32-bit)
 Alignments: Space 512K, Generation 512K, Heap 2M
 Heap Min Capacity: 100M
 Heap Initial Capacity: 100M
 Heap Max Capacity: 1G
 Pre-touch: Disabled
 Parallel Workers: 10
Heap:
 PSYoungGen      total 26112K, used 13303K [0x00000000eab00000, 0x00000000ed180000, 0x0000000100000000)
  eden space 12800K, 0% used [0x00000000eab00000,0x00000000eab00000,0x00000000eb780000)
  from space 13312K, 99% used [0x00000000eb780000,0x00000000ec47dd50,0x00000000ec480000)
  to   space 13312K, 0% used [0x00000000ec480000,0x00000000ec480000,0x00000000ed180000)
 ParOldGen       total 282624K, used 277026K [0x00000000c0000000, 0x00000000d1400000, 0x00000000eab00000)
  object space 282624K, 98% used [0x00000000c0000000,0x00000000d0e88a00,0x00000000d1400000)
 Metaspace       used 69741K, committed 71040K, reserved 1114112K
  class space    used 7349K, committed 7936K, reserved 1048576K
GC Heap History (20 events):
Event: 11.671 GC heap after
{Heap after GC invocations=207 (full 9):
 PSYoungGen      total 14336K, used 3567K [0x00000000eab00000, 0x00000000ebd80000, 0x0000000100000000)
  eden space 10752K, 0% used [0x00000000eab00000,0x00000000eab00000,0x00000000eb580000)
  from space 3584K, 99% used [0x00000000eb600000,0x00000000eb97bf60,0x00000000eb980000)
  to   space 4096K, 0% used [0x00000000eb980000,0x00000000eb980000,0x00000000ebd80000)
 ParOldGen       total 282624K, used 239169K [0x00000000c0000000, 0x00000000d1400000, 0x00000000eab00000)
  object space 282624K, 84% used [0x00000000c0000000,0x00000000ce9907f0,0x00000000d1400000)
 Metaspace       used 67414K, committed 68608K, reserved 1114112K
  class space    used 7066K, committed 7616K, reserved 1048576K
}
Event: 11.684 GC heap before
{Heap before GC invocations=208 (full 9):
 PSYoungGen      total 14336K, used 14319K [0x00000000eab00000, 0x00000000ebd80000, 0x0000000100000000)
  eden space 10752K, 100% used [0x00000000eab00000,0x00000000eb580000,0x00000000eb580000)
  from space 3584K, 99% used [0x00000000eb600000,0x00000000eb97bf60,0x00000000eb980000)
  to   space 4096K, 0% used [0x00000000eb980000,0x00000000eb980000,0x00000000ebd80000)
 ParOldGen       total 282624K, used 239176K [0x00000000c0000000, 0x00000000d1400000, 0x00000000eab00000)
  object space 282624K, 84% used [0x00000000c0000000,0x00000000ce992060,0x00000000d1400000)
 Metaspace       used 67424K, committed 68608K, reserved 1114112K
  class space    used 7066K, committed 7616K, reserved 1048576K
}
Event: 11.686 GC heap after
{Heap after GC invocations=208 (full 9):
 PSYoungGen      total 14848K, used 3685K [0x00000000eab00000, 0x00000000ebf00000, 0x0000000100000000)
  eden space 10752K, 0% used [0x00000000eab00000,0x00000000eab00000,0x00000000eb580000)
  from space 4096K, 89% used [0x00000000eb980000,0x00000000ebd19400,0x00000000ebd80000)
  to   space 4096K, 0% used [0x00000000eb580000,0x00000000eb580000,0x00000000eb980000)
 ParOldGen       total 282624K, used 240658K [0x00000000c0000000, 0x00000000d1400000, 0x00000000eab00000)
  object space 282624K, 85% used [0x00000000c0000000,0x00000000ceb04a20,0x00000000d1400000)
 Metaspace       used 67424K, committed 68608K, reserved 1114112K
  class space    used 7066K, committed 7616K, reserved 1048576K
}
Event: 11.702 GC heap before
{Heap before GC invocations=209 (full 9):
 PSYoungGen      total 14848K, used 14437K [0x00000000eab00000, 0x00000000ebf00000, 0x0000000100000000)
  eden space 10752K, 100% used [0x00000000eab00000,0x00000000eb580000,0x00000000eb580000)
  from space 4096K, 89% used [0x00000000eb980000,0x00000000ebd19400,0x00000000ebd80000)
  to   space 4096K, 0% used [0x00000000eb580000,0x00000000eb580000,0x00000000eb980000)
 ParOldGen       total 282624K, used 240658K [0x00000000c0000000, 0x00000000d1400000, 0x00000000eab00000)
  object space 282624K, 85% used [0x00000000c0000000,0x00000000ceb04a20,0x00000000d1400000)
 Metaspace       used 67460K, committed 68672K, reserved 1114112K
  class space    used 7073K, committed 7616K, reserved 1048576K
}
Event: 11.704 GC heap after
{Heap after GC invocations=209 (full 9):
 PSYoungGen      total 14848K, used 3606K [0x00000000eab00000, 0x00000000ebf00000, 0x0000000100000000)
  eden space 10752K, 0% used [0x00000000eab00000,0x00000000eab00000,0x00000000eb580000)
  from space 4096K, 88% used [0x00000000eb580000,0x00000000eb905b78,0x00000000eb980000)
  to   space 4096K, 0% used [0x00000000ebb00000,0x00000000ebb00000,0x00000000ebf00000)
 ParOldGen       total 282624K, used 242502K [0x00000000c0000000, 0x00000000d1400000, 0x00000000eab00000)
  object space 282624K, 85% used [0x00000000c0000000,0x00000000cecd1b48,0x00000000d1400000)
 Metaspace       used 67460K, committed 68672K, reserved 1114112K
  class space    used 7073K, committed 7616K, reserved 1048576K
}
Event: 11.718 GC heap before
{Heap before GC invocations=210 (full 9):
 PSYoungGen      total 14848K, used 14326K [0x00000000eab00000, 0x00000000ebf00000, 0x0000000100000000)
  eden space 10752K, 99% used [0x00000000eab00000,0x00000000eb577f18,0x00000000eb580000)
  from space 4096K, 88% used [0x00000000eb580000,0x00000000eb905b78,0x00000000eb980000)
  to   space 4096K, 0% used [0x00000000ebb00000,0x00000000ebb00000,0x00000000ebf00000)
 ParOldGen       total 282624K, used 242502K [0x00000000c0000000, 0x00000000d1400000, 0x00000000eab00000)
  object space 282624K, 85% used [0x00000000c0000000,0x00000000cecd1b48,0x00000000d1400000)
 Metaspace       used 67465K, committed 68672K, reserved 1114112K
  class space    used 7073K, committed 7616K, reserved 1048576K
}
Event: 11.720 GC heap after
{Heap after GC invocations=210 (full 9):
 PSYoungGen      total 15872K, used 3434K [0x00000000eab00000, 0x00000000ebe80000, 0x0000000100000000)
  eden space 12288K, 0% used [0x00000000eab00000,0x00000000eab00000,0x00000000eb700000)
  from space 3584K, 95% used [0x00000000ebb00000,0x00000000ebe5a9b8,0x00000000ebe80000)
  to   space 3584K, 0% used [0x00000000eb780000,0x00000000eb780000,0x00000000ebb00000)
 ParOldGen       total 282624K, used 244244K [0x00000000c0000000, 0x00000000d1400000, 0x00000000eab00000)
  object space 282624K, 86% used [0x00000000c0000000,0x00000000cee850d8,0x00000000d1400000)
 Metaspace       used 67465K, committed 68672K, reserved 1114112K
  class space    used 7073K, committed 7616K, reserved 1048576K
}
Event: 11.794 GC heap before
{Heap before GC invocations=211 (full 9):
 PSYoungGen      total 15872K, used 15722K [0x00000000eab00000, 0x00000000ebe80000, 0x0000000100000000)
  eden space 12288K, 100% used [0x00000000eab00000,0x00000000eb700000,0x00000000eb700000)
  from space 3584K, 95% used [0x00000000ebb00000,0x00000000ebe5a9b8,0x00000000ebe80000)
  to   space 3584K, 0% used [0x00000000eb780000,0x00000000eb780000,0x00000000ebb00000)
 ParOldGen       total 282624K, used 244244K [0x00000000c0000000, 0x00000000d1400000, 0x00000000eab00000)
  object space 282624K, 86% used [0x00000000c0000000,0x00000000cee850d8,0x00000000d1400000)
 Metaspace       used 67672K, committed 68928K, reserved 1114112K
  class space    used 7097K, committed 7680K, reserved 1048576K
}
Event: 11.798 GC heap after
{Heap after GC invocations=211 (full 9):
 PSYoungGen      total 16384K, used 2426K [0x00000000eab00000, 0x00000000ebe80000, 0x0000000100000000)
  eden space 12800K, 0% used [0x00000000eab00000,0x00000000eab00000,0x00000000eb780000)
  from space 3584K, 67% used [0x00000000eb780000,0x00000000eb9de928,0x00000000ebb00000)
  to   space 3072K, 0% used [0x00000000ebb80000,0x00000000ebb80000,0x00000000ebe80000)
 ParOldGen       total 282624K, used 247440K [0x00000000c0000000, 0x00000000d1400000, 0x00000000eab00000)
  object space 282624K, 87% used [0x00000000c0000000,0x00000000cf1a4230,0x00000000d1400000)
 Metaspace       used 67672K, committed 68928K, reserved 1114112K
  class space    used 7097K, committed 7680K, reserved 1048576K
}
Event: 11.929 GC heap before
{Heap before GC invocations=212 (full 9):
 PSYoungGen      total 16384K, used 15226K [0x00000000eab00000, 0x00000000ebe80000, 0x0000000100000000)
  eden space 12800K, 100% used [0x00000000eab00000,0x00000000eb780000,0x00000000eb780000)
  from space 3584K, 67% used [0x00000000eb780000,0x00000000eb9de928,0x00000000ebb00000)
  to   space 3072K, 0% used [0x00000000ebb80000,0x00000000ebb80000,0x00000000ebe80000)
 ParOldGen       total 282624K, used 247440K [0x00000000c0000000, 0x00000000d1400000, 0x00000000eab00000)
  object space 282624K, 87% used [0x00000000c0000000,0x00000000cf1a4230,0x00000000d1400000)
 Metaspace       used 68019K, committed 69184K, reserved 1114112K
  class space    used 7145K, committed 7680K, reserved 1048576K
}
Event: 11.932 GC heap after
{Heap after GC invocations=212 (full 9):
 PSYoungGen      total 15872K, used 2884K [0x00000000eab00000, 0x00000000ebe80000, 0x0000000100000000)
  eden space 12800K, 0% used [0x00000000eab00000,0x00000000eab00000,0x00000000eb780000)
  from space 3072K, 93% used [0x00000000ebb80000,0x00000000ebe512c8,0x00000000ebe80000)
  to   space 3072K, 0% used [0x00000000eb880000,0x00000000eb880000,0x00000000ebb80000)
 ParOldGen       total 282624K, used 249068K [0x00000000c0000000, 0x00000000d1400000, 0x00000000eab00000)
  object space 282624K, 88% used [0x00000000c0000000,0x00000000cf33b028,0x00000000d1400000)
 Metaspace       used 68019K, committed 69184K, reserved 1114112K
  class space    used 7145K, committed 7680K, reserved 1048576K
}
Event: 12.143 GC heap before
{Heap before GC invocations=213 (full 9):
 PSYoungGen      total 15872K, used 15684K [0x00000000eab00000, 0x00000000ebe80000, 0x0000000100000000)
  eden space 12800K, 100% used [0x00000000eab00000,0x00000000eb780000,0x00000000eb780000)
  from space 3072K, 93% used [0x00000000ebb80000,0x00000000ebe512c8,0x00000000ebe80000)
  to   space 3072K, 0% used [0x00000000eb880000,0x00000000eb880000,0x00000000ebb80000)
 ParOldGen       total 282624K, used 249068K [0x00000000c0000000, 0x00000000d1400000, 0x00000000eab00000)
  object space 282624K, 88% used [0x00000000c0000000,0x00000000cf33b028,0x00000000d1400000)
 Metaspace       used 68527K, committed 69760K, reserved 1114112K
  class space    used 7191K, committed 7744K, reserved 1048576K
}
Event: 12.149 GC heap after
{Heap after GC invocations=213 (full 9):
 PSYoungGen      total 15872K, used 3044K [0x00000000eab00000, 0x00000000ec880000, 0x0000000100000000)
  eden space 12800K, 0% used [0x00000000eab00000,0x00000000eab00000,0x00000000eb780000)
  from space 3072K, 99% used [0x00000000eb880000,0x00000000ebb790d8,0x00000000ebb80000)
  to   space 8704K, 0% used [0x00000000ec000000,0x00000000ec000000,0x00000000ec880000)
 ParOldGen       total 282624K, used 253629K [0x00000000c0000000, 0x00000000d1400000, 0x00000000eab00000)
  object space 282624K, 89% used [0x00000000c0000000,0x00000000cf7af410,0x00000000d1400000)
 Metaspace       used 68527K, committed 69760K, reserved 1114112K
  class space    used 7191K, committed 7744K, reserved 1048576K
}
Event: 12.324 GC heap before
{Heap before GC invocations=214 (full 9):
 PSYoungGen      total 15872K, used 15844K [0x00000000eab00000, 0x00000000ec880000, 0x0000000100000000)
  eden space 12800K, 100% used [0x00000000eab00000,0x00000000eb780000,0x00000000eb780000)
  from space 3072K, 99% used [0x00000000eb880000,0x00000000ebb790d8,0x00000000ebb80000)
  to   space 8704K, 0% used [0x00000000ec000000,0x00000000ec000000,0x00000000ec880000)
 ParOldGen       total 282624K, used 253629K [0x00000000c0000000, 0x00000000d1400000, 0x00000000eab00000)
  object space 282624K, 89% used [0x00000000c0000000,0x00000000cf7af410,0x00000000d1400000)
 Metaspace       used 69037K, committed 70336K, reserved 1114112K
  class space    used 7247K, committed 7872K, reserved 1048576K
}
Event: 12.329 GC heap after
{Heap after GC invocations=214 (full 9):
 PSYoungGen      total 21504K, used 8007K [0x00000000eab00000, 0x00000000ec880000, 0x0000000100000000)
  eden space 12800K, 0% used [0x00000000eab00000,0x00000000eab00000,0x00000000eb780000)
  from space 8704K, 91% used [0x00000000ec000000,0x00000000ec7d1d70,0x00000000ec880000)
  to   space 8704K, 0% used [0x00000000eb780000,0x00000000eb780000,0x00000000ec000000)
 ParOldGen       total 282624K, used 255386K [0x00000000c0000000, 0x00000000d1400000, 0x00000000eab00000)
  object space 282624K, 90% used [0x00000000c0000000,0x00000000cf966850,0x00000000d1400000)
 Metaspace       used 69037K, committed 70336K, reserved 1114112K
  class space    used 7247K, committed 7872K, reserved 1048576K
}
Event: 12.421 GC heap before
{Heap before GC invocations=215 (full 9):
 PSYoungGen      total 21504K, used 20807K [0x00000000eab00000, 0x00000000ec880000, 0x0000000100000000)
  eden space 12800K, 100% used [0x00000000eab00000,0x00000000eb780000,0x00000000eb780000)
  from space 8704K, 91% used [0x00000000ec000000,0x00000000ec7d1d70,0x00000000ec880000)
  to   space 8704K, 0% used [0x00000000eb780000,0x00000000eb780000,0x00000000ec000000)
 ParOldGen       total 282624K, used 255386K [0x00000000c0000000, 0x00000000d1400000, 0x00000000eab00000)
  object space 282624K, 90% used [0x00000000c0000000,0x00000000cf966850,0x00000000d1400000)
 Metaspace       used 69696K, committed 71040K, reserved 1114112K
  class space    used 7330K, committed 7936K, reserved 1048576K
}
Event: 12.428 GC heap after
{Heap after GC invocations=215 (full 9):
 PSYoungGen      total 21504K, used 8687K [0x00000000eab00000, 0x00000000ed180000, 0x0000000100000000)
  eden space 12800K, 0% used [0x00000000eab00000,0x00000000eab00000,0x00000000eb780000)
  from space 8704K, 99% used [0x00000000eb780000,0x00000000ebffbd40,0x00000000ec000000)
  to   space 13312K, 0% used [0x00000000ec480000,0x00000000ec480000,0x00000000ed180000)
 ParOldGen       total 282624K, used 258856K [0x00000000c0000000, 0x00000000d1400000, 0x00000000eab00000)
  object space 282624K, 91% used [0x00000000c0000000,0x00000000cfcca2f8,0x00000000d1400000)
 Metaspace       used 69696K, committed 71040K, reserved 1114112K
  class space    used 7330K, committed 7936K, reserved 1048576K
}
Event: 12.578 GC heap before
{Heap before GC invocations=216 (full 9):
 PSYoungGen      total 21504K, used 21487K [0x00000000eab00000, 0x00000000ed180000, 0x0000000100000000)
  eden space 12800K, 100% used [0x00000000eab00000,0x00000000eb780000,0x00000000eb780000)
  from space 8704K, 99% used [0x00000000eb780000,0x00000000ebffbd40,0x00000000ec000000)
  to   space 13312K, 0% used [0x00000000ec480000,0x00000000ec480000,0x00000000ed180000)
 ParOldGen       total 282624K, used 258856K [0x00000000c0000000, 0x00000000d1400000, 0x00000000eab00000)
  object space 282624K, 91% used [0x00000000c0000000,0x00000000cfcca2f8,0x00000000d1400000)
 Metaspace       used 69741K, committed 71040K, reserved 1114112K
  class space    used 7349K, committed 7936K, reserved 1048576K
}
Event: 12.587 GC heap after
{Heap after GC invocations=216 (full 9):
 PSYoungGen      total 26112K, used 12665K [0x00000000eab00000, 0x00000000ed180000, 0x0000000100000000)
  eden space 12800K, 0% used [0x00000000eab00000,0x00000000eab00000,0x00000000eb780000)
  from space 13312K, 95% used [0x00000000ec480000,0x00000000ed0de668,0x00000000ed180000)
  to   space 13312K, 0% used [0x00000000eb780000,0x00000000eb780000,0x00000000ec480000)
 ParOldGen       total 282624K, used 265293K [0x00000000c0000000, 0x00000000d1400000, 0x00000000eab00000)
  object space 282624K, 93% used [0x00000000c0000000,0x00000000d03134e0,0x00000000d1400000)
 Metaspace       used 69741K, committed 71040K, reserved 1114112K
  class space    used 7349K, committed 7936K, reserved 1048576K
}
Event: 12.750 GC heap before
{Heap before GC invocations=217 (full 9):
 PSYoungGen      total 26112K, used 25465K [0x00000000eab00000, 0x00000000ed180000, 0x0000000100000000)
  eden space 12800K, 100% used [0x00000000eab00000,0x00000000eb780000,0x00000000eb780000)
  from space 13312K, 95% used [0x00000000ec480000,0x00000000ed0de668,0x00000000ed180000)
  to   space 13312K, 0% used [0x00000000eb780000,0x00000000eb780000,0x00000000ec480000)
 ParOldGen       total 282624K, used 265293K [0x00000000c0000000, 0x00000000d1400000, 0x00000000eab00000)
  object space 282624K, 93% used [0x00000000c0000000,0x00000000d03134e0,0x00000000d1400000)
 Metaspace       used 69741K, committed 71040K, reserved 1114112K
  class space    used 7349K, committed 7936K, reserved 1048576K
}

