# JRE version: OpenJDK Runtime Environment Temurin-17.0.13+11 (17.0.13+11) (build 17.0.13+11)
# Java VM: OpenJDK 64-Bit Server VM Temurin-17.0.13+11 (17.0.13+11, mixed mode, tiered, compressed oops, compressed class ptrs, parallel gc, windows-amd64)
GC Precious Log:
 CPUs: 12 total, 12 available
 Memory: 15753M
 Large Page Support: Disabled
 NUMA Support: Disabled
 Compressed Oops: Enabled (32-bit)
 Alignments: Space 512K, Generation 512K, Heap 2M
 Heap Min Capacity: 100M
 Heap Initial Capacity: 100M
 Heap Max Capacity: 1G
 Pre-touch: Disabled
 Parallel Workers: 10
Heap:
 PSYoungGen      total 21504K, used 4922K [0x00000000eab00000, 0x00000000ec180000, 0x0000000100000000)
  eden space 20480K, 20% used [0x00000000eab00000,0x00000000eaf26b08,0x00000000ebf00000)
  from space 1024K, 65% used [0x00000000ebf80000,0x00000000ec028048,0x00000000ec080000)
  to   space 1024K, 0% used [0x00000000ec080000,0x00000000ec080000,0x00000000ec180000)
 ParOldGen       total 68608K, used 35871K [0x00000000c0000000, 0x00000000c4300000, 0x00000000eab00000)
  object space 68608K, 52% used [0x00000000c0000000,0x00000000c2307fe0,0x00000000c4300000)
 Metaspace       used 51324K, committed 52160K, reserved 1114112K
  class space    used 5164K, committed 5504K, reserved 1048576K
GC Heap History (20 events):
Event: 7.019 GC heap before
{Heap before GC invocations=22 (full 2):
 PSYoungGen      total 23040K, used 22720K [0x00000000eab00000, 0x00000000ec500000, 0x0000000100000000)
  eden space 22016K, 100% used [0x00000000eab00000,0x00000000ec080000,0x00000000ec080000)
  from space 1024K, 68% used [0x00000000ec380000,0x00000000ec430000,0x00000000ec480000)
  to   space 512K, 0% used [0x00000000ec480000,0x00000000ec480000,0x00000000ec500000)
 ParOldGen       total 68608K, used 25330K [0x00000000c0000000, 0x00000000c4300000, 0x00000000eab00000)
  object space 68608K, 36% used [0x00000000c0000000,0x00000000c18bc9e0,0x00000000c4300000)
 Metaspace       used 47010K, committed 47680K, reserved 1114112K
  class space    used 4757K, committed 5056K, reserved 1048576K
}
Event: 7.023 GC heap after
{Heap after GC invocations=22 (full 2):
 PSYoungGen      total 22528K, used 511K [0x00000000eab00000, 0x00000000ec880000, 0x0000000100000000)
  eden space 22016K, 0% used [0x00000000eab00000,0x00000000eab00000,0x00000000ec080000)
  from space 512K, 99% used [0x00000000ec480000,0x00000000ec4ffe78,0x00000000ec500000)
  to   space 4096K, 0% used [0x00000000ec080000,0x00000000ec080000,0x00000000ec480000)
 ParOldGen       total 68608K, used 28154K [0x00000000c0000000, 0x00000000c4300000, 0x00000000eab00000)
  object space 68608K, 41% used [0x00000000c0000000,0x00000000c1b7e888,0x00000000c4300000)
 Metaspace       used 47010K, committed 47680K, reserved 1114112K
  class space    used 4757K, committed 5056K, reserved 1048576K
}
Event: 7.055 GC heap before
{Heap before GC invocations=23 (full 2):
 PSYoungGen      total 22528K, used 22527K [0x00000000eab00000, 0x00000000ec880000, 0x0000000100000000)
  eden space 22016K, 100% used [0x00000000eab00000,0x00000000ec080000,0x00000000ec080000)
  from space 512K, 99% used [0x00000000ec480000,0x00000000ec4ffe78,0x00000000ec500000)
  to   space 4096K, 0% used [0x00000000ec080000,0x00000000ec080000,0x00000000ec480000)
 ParOldGen       total 68608K, used 28154K [0x00000000c0000000, 0x00000000c4300000, 0x00000000eab00000)
  object space 68608K, 41% used [0x00000000c0000000,0x00000000c1b7e888,0x00000000c4300000)
 Metaspace       used 47010K, committed 47680K, reserved 1114112K
  class space    used 4757K, committed 5056K, reserved 1048576K
}
Event: 7.057 GC heap after
{Heap after GC invocations=23 (full 2):
 PSYoungGen      total 23040K, used 544K [0x00000000eab00000, 0x00000000ec500000, 0x0000000100000000)
  eden space 22016K, 0% used [0x00000000eab00000,0x00000000eab00000,0x00000000ec080000)
  from space 1024K, 53% used [0x00000000ec080000,0x00000000ec108000,0x00000000ec180000)
  to   space 2048K, 0% used [0x00000000ec300000,0x00000000ec300000,0x00000000ec500000)
 ParOldGen       total 68608K, used 28714K [0x00000000c0000000, 0x00000000c4300000, 0x00000000eab00000)
  object space 68608K, 41% used [0x00000000c0000000,0x00000000c1c0a8f0,0x00000000c4300000)
 Metaspace       used 47010K, committed 47680K, reserved 1114112K
  class space    used 4757K, committed 5056K, reserved 1048576K
}
Event: 12.603 GC heap before
{Heap before GC invocations=24 (full 2):
 PSYoungGen      total 23040K, used 22384K [0x00000000eab00000, 0x00000000ec500000, 0x0000000100000000)
  eden space 22016K, 99% used [0x00000000eab00000,0x00000000ec0541f8,0x00000000ec080000)
  from space 1024K, 53% used [0x00000000ec080000,0x00000000ec108000,0x00000000ec180000)
  to   space 2048K, 0% used [0x00000000ec300000,0x00000000ec300000,0x00000000ec500000)
 ParOldGen       total 68608K, used 28714K [0x00000000c0000000, 0x00000000c4300000, 0x00000000eab00000)
  object space 68608K, 41% used [0x00000000c0000000,0x00000000c1c0a8f0,0x00000000c4300000)
 Metaspace       used 48426K, committed 49152K, reserved 1114112K
  class space    used 4912K, committed 5248K, reserved 1048576K
}
Event: 12.606 GC heap after
{Heap after GC invocations=24 (full 2):
 PSYoungGen      total 24064K, used 1880K [0x00000000eab00000, 0x00000000ec580000, 0x0000000100000000)
  eden space 22016K, 0% used [0x00000000eab00000,0x00000000eab00000,0x00000000ec080000)
  from space 2048K, 91% used [0x00000000ec300000,0x00000000ec4d6050,0x00000000ec500000)
  to   space 2560K, 0% used [0x00000000ec080000,0x00000000ec080000,0x00000000ec300000)
 ParOldGen       total 68608K, used 31045K [0x00000000c0000000, 0x00000000c4300000, 0x00000000eab00000)
  object space 68608K, 45% used [0x00000000c0000000,0x00000000c1e517b0,0x00000000c4300000)
 Metaspace       used 48426K, committed 49152K, reserved 1114112K
  class space    used 4912K, committed 5248K, reserved 1048576K
}
Event: 12.926 GC heap before
{Heap before GC invocations=25 (full 2):
 PSYoungGen      total 24064K, used 22558K [0x00000000eab00000, 0x00000000ec580000, 0x0000000100000000)
  eden space 22016K, 93% used [0x00000000eab00000,0x00000000ebf31860,0x00000000ec080000)
  from space 2048K, 91% used [0x00000000ec300000,0x00000000ec4d6050,0x00000000ec500000)
  to   space 2560K, 0% used [0x00000000ec080000,0x00000000ec080000,0x00000000ec300000)
 ParOldGen       total 68608K, used 31045K [0x00000000c0000000, 0x00000000c4300000, 0x00000000eab00000)
  object space 68608K, 45% used [0x00000000c0000000,0x00000000c1e517b0,0x00000000c4300000)
 Metaspace       used 48940K, committed 49664K, reserved 1114112K
  class space    used 4946K, committed 5248K, reserved 1048576K
}
Event: 12.930 GC heap after
{Heap after GC invocations=25 (full 2):
 PSYoungGen      total 23040K, used 818K [0x00000000eab00000, 0x00000000ec380000, 0x0000000100000000)
  eden space 22016K, 0% used [0x00000000eab00000,0x00000000eab00000,0x00000000ec080000)
  from space 1024K, 79% used [0x00000000ec080000,0x00000000ec14cb38,0x00000000ec180000)
  to   space 1536K, 0% used [0x00000000ec200000,0x00000000ec200000,0x00000000ec380000)
 ParOldGen       total 68608K, used 32764K [0x00000000c0000000, 0x00000000c4300000, 0x00000000eab00000)
  object space 68608K, 47% used [0x00000000c0000000,0x00000000c1fff390,0x00000000c4300000)
 Metaspace       used 48940K, committed 49664K, reserved 1114112K
  class space    used 4946K, committed 5248K, reserved 1048576K
}
Event: 13.038 GC heap before
{Heap before GC invocations=26 (full 2):
 PSYoungGen      total 23040K, used 21411K [0x00000000eab00000, 0x00000000ec380000, 0x0000000100000000)
  eden space 22016K, 93% used [0x00000000eab00000,0x00000000ebf1c270,0x00000000ec080000)
  from space 1024K, 79% used [0x00000000ec080000,0x00000000ec14cb38,0x00000000ec180000)
  to   space 1536K, 0% used [0x00000000ec200000,0x00000000ec200000,0x00000000ec380000)
 ParOldGen       total 68608K, used 32764K [0x00000000c0000000, 0x00000000c4300000, 0x00000000eab00000)
  object space 68608K, 47% used [0x00000000c0000000,0x00000000c1fff390,0x00000000c4300000)
 Metaspace       used 48983K, committed 49664K, reserved 1114112K
  class space    used 4948K, committed 5248K, reserved 1048576K
}
Event: 13.041 GC heap after
{Heap after GC invocations=26 (full 2):
 PSYoungGen      total 22528K, used 416K [0x00000000eab00000, 0x00000000ec280000, 0x0000000100000000)
  eden space 22016K, 0% used [0x00000000eab00000,0x00000000eab00000,0x00000000ec080000)
  from space 512K, 81% used [0x00000000ec200000,0x00000000ec268000,0x00000000ec280000)
  to   space 1024K, 0% used [0x00000000ec080000,0x00000000ec080000,0x00000000ec180000)
 ParOldGen       total 68608K, used 33425K [0x00000000c0000000, 0x00000000c4300000, 0x00000000eab00000)
  object space 68608K, 48% used [0x00000000c0000000,0x00000000c20a47d8,0x00000000c4300000)
 Metaspace       used 48983K, committed 49664K, reserved 1114112K
  class space    used 4948K, committed 5248K, reserved 1048576K
}
Event: 13.348 GC heap before
{Heap before GC invocations=27 (full 2):
 PSYoungGen      total 22528K, used 22432K [0x00000000eab00000, 0x00000000ec280000, 0x0000000100000000)
  eden space 22016K, 100% used [0x00000000eab00000,0x00000000ec080000,0x00000000ec080000)
  from space 512K, 81% used [0x00000000ec200000,0x00000000ec268000,0x00000000ec280000)
  to   space 1024K, 0% used [0x00000000ec080000,0x00000000ec080000,0x00000000ec180000)
 ParOldGen       total 68608K, used 33425K [0x00000000c0000000, 0x00000000c4300000, 0x00000000eab00000)
  object space 68608K, 48% used [0x00000000c0000000,0x00000000c20a47d8,0x00000000c4300000)
 Metaspace       used 49184K, committed 49856K, reserved 1114112K
  class space    used 4951K, committed 5248K, reserved 1048576K
}
Event: 13.350 GC heap after
{Heap after GC invocations=27 (full 2):
 PSYoungGen      total 23040K, used 1002K [0x00000000eab00000, 0x00000000ec380000, 0x0000000100000000)
  eden space 22016K, 0% used [0x00000000eab00000,0x00000000eab00000,0x00000000ec080000)
  from space 1024K, 97% used [0x00000000ec080000,0x00000000ec17ab10,0x00000000ec180000)
  to   space 1536K, 0% used [0x00000000ec200000,0x00000000ec200000,0x00000000ec380000)
 ParOldGen       total 68608K, used 33697K [0x00000000c0000000, 0x00000000c4300000, 0x00000000eab00000)
  object space 68608K, 49% used [0x00000000c0000000,0x00000000c20e8510,0x00000000c4300000)
 Metaspace       used 49184K, committed 49856K, reserved 1114112K
  class space    used 4951K, committed 5248K, reserved 1048576K
}
Event: 13.476 GC heap before
{Heap before GC invocations=28 (full 2):
 PSYoungGen      total 23040K, used 23018K [0x00000000eab00000, 0x00000000ec380000, 0x0000000100000000)
  eden space 22016K, 100% used [0x00000000eab00000,0x00000000ec080000,0x00000000ec080000)
  from space 1024K, 97% used [0x00000000ec080000,0x00000000ec17ab10,0x00000000ec180000)
  to   space 1536K, 0% used [0x00000000ec200000,0x00000000ec200000,0x00000000ec380000)
 ParOldGen       total 68608K, used 33697K [0x00000000c0000000, 0x00000000c4300000, 0x00000000eab00000)
  object space 68608K, 49% used [0x00000000c0000000,0x00000000c20e8510,0x00000000c4300000)
 Metaspace       used 49284K, committed 49984K, reserved 1114112K
  class space    used 4951K, committed 5248K, reserved 1048576K
}
Event: 13.478 GC heap after
{Heap after GC invocations=28 (full 2):
 PSYoungGen      total 22016K, used 1530K [0x00000000eab00000, 0x00000000ec680000, 0x0000000100000000)
  eden space 20480K, 0% used [0x00000000eab00000,0x00000000eab00000,0x00000000ebf00000)
  from space 1536K, 99% used [0x00000000ec200000,0x00000000ec37e9a0,0x00000000ec380000)
  to   space 3072K, 0% used [0x00000000ebf00000,0x00000000ebf00000,0x00000000ec200000)
 ParOldGen       total 68608K, used 34686K [0x00000000c0000000, 0x00000000c4300000, 0x00000000eab00000)
  object space 68608K, 50% used [0x00000000c0000000,0x00000000c21df8c0,0x00000000c4300000)
 Metaspace       used 49284K, committed 49984K, reserved 1114112K
  class space    used 4951K, committed 5248K, reserved 1048576K
}
Event: 14.614 GC heap before
{Heap before GC invocations=29 (full 2):
 PSYoungGen      total 22016K, used 21930K [0x00000000eab00000, 0x00000000ec680000, 0x0000000100000000)
  eden space 20480K, 99% used [0x00000000eab00000,0x00000000ebeebfc0,0x00000000ebf00000)
  from space 1536K, 99% used [0x00000000ec200000,0x00000000ec37e9a0,0x00000000ec380000)
  to   space 3072K, 0% used [0x00000000ebf00000,0x00000000ebf00000,0x00000000ec200000)
 ParOldGen       total 68608K, used 34686K [0x00000000c0000000, 0x00000000c4300000, 0x00000000eab00000)
  object space 68608K, 50% used [0x00000000c0000000,0x00000000c21df8c0,0x00000000c4300000)
 Metaspace       used 50673K, committed 51392K, reserved 1114112K
  class space    used 5107K, committed 5440K, reserved 1048576K
}
Event: 14.616 GC heap after
{Heap after GC invocations=29 (full 2):
 PSYoungGen      total 22016K, used 1027K [0x00000000eab00000, 0x00000000ec300000, 0x0000000100000000)
  eden space 20480K, 0% used [0x00000000eab00000,0x00000000eab00000,0x00000000ebf00000)
  from space 1536K, 66% used [0x00000000ebf00000,0x00000000ec000fb0,0x00000000ec080000)
  to   space 2048K, 0% used [0x00000000ec100000,0x00000000ec100000,0x00000000ec300000)
 ParOldGen       total 68608K, used 34953K [0x00000000c0000000, 0x00000000c4300000, 0x00000000eab00000)
  object space 68608K, 50% used [0x00000000c0000000,0x00000000c2222738,0x00000000c4300000)
 Metaspace       used 50673K, committed 51392K, reserved 1114112K
  class space    used 5107K, committed 5440K, reserved 1048576K
}
Event: 14.860 GC heap before
{Heap before GC invocations=30 (full 2):
 PSYoungGen      total 22016K, used 20926K [0x00000000eab00000, 0x00000000ec300000, 0x0000000100000000)
  eden space 20480K, 97% used [0x00000000eab00000,0x00000000ebe6ec20,0x00000000ebf00000)
  from space 1536K, 66% used [0x00000000ebf00000,0x00000000ec000fb0,0x00000000ec080000)
  to   space 2048K, 0% used [0x00000000ec100000,0x00000000ec100000,0x00000000ec300000)
 ParOldGen       total 68608K, used 34953K [0x00000000c0000000, 0x00000000c4300000, 0x00000000eab00000)
  object space 68608K, 50% used [0x00000000c0000000,0x00000000c2222738,0x00000000c4300000)
 Metaspace       used 50793K, committed 51584K, reserved 1114112K
  class space    used 5112K, committed 5440K, reserved 1048576K
}
Event: 14.865 GC heap after
{Heap after GC invocations=30 (full 2):
 PSYoungGen      total 20992K, used 498K [0x00000000eab00000, 0x00000000ec180000, 0x0000000100000000)
  eden space 20480K, 0% used [0x00000000eab00000,0x00000000eab00000,0x00000000ebf00000)
  from space 512K, 97% used [0x00000000ec100000,0x00000000ec17ca00,0x00000000ec180000)
  to   space 1024K, 0% used [0x00000000ebf80000,0x00000000ebf80000,0x00000000ec080000)
 ParOldGen       total 68608K, used 35799K [0x00000000c0000000, 0x00000000c4300000, 0x00000000eab00000)
  object space 68608K, 52% used [0x00000000c0000000,0x00000000c22f5fe0,0x00000000c4300000)
 Metaspace       used 50793K, committed 51584K, reserved 1114112K
  class space    used 5112K, committed 5440K, reserved 1048576K
}
Event: 15.322 GC heap before
{Heap before GC invocations=31 (full 2):
 PSYoungGen      total 20992K, used 20967K [0x00000000eab00000, 0x00000000ec180000, 0x0000000100000000)
  eden space 20480K, 99% used [0x00000000eab00000,0x00000000ebefd438,0x00000000ebf00000)
  from space 512K, 97% used [0x00000000ec100000,0x00000000ec17ca00,0x00000000ec180000)
  to   space 1024K, 0% used [0x00000000ebf80000,0x00000000ebf80000,0x00000000ec080000)
 ParOldGen       total 68608K, used 35799K [0x00000000c0000000, 0x00000000c4300000, 0x00000000eab00000)
  object space 68608K, 52% used [0x00000000c0000000,0x00000000c22f5fe0,0x00000000c4300000)
 Metaspace       used 50968K, committed 51712K, reserved 1114112K
  class space    used 5115K, committed 5440K, reserved 1048576K
}
Event: 15.325 GC heap after
{Heap after GC invocations=31 (full 2):
 PSYoungGen      total 21504K, used 672K [0x00000000eab00000, 0x00000000ec180000, 0x0000000100000000)
  eden space 20480K, 0% used [0x00000000eab00000,0x00000000eab00000,0x00000000ebf00000)
  from space 1024K, 65% used [0x00000000ebf80000,0x00000000ec028048,0x00000000ec080000)
  to   space 1024K, 0% used [0x00000000ec080000,0x00000000ec080000,0x00000000ec180000)
 ParOldGen       total 68608K, used 35871K [0x00000000c0000000, 0x00000000c4300000, 0x00000000eab00000)
  object space 68608K, 52% used [0x00000000c0000000,0x00000000c2307fe0,0x00000000c4300000)
 Metaspace       used 50968K, committed 51712K, reserved 1114112K
  class space    used 5115K, committed 5440K, reserved 1048576K
}

