# JRE version: OpenJDK Runtime Environment Temurin-21.0.5+11 (21.0.5+11) (build 21.0.5+11-LTS)
# Java VM: OpenJDK 64-Bit Server VM Temurin-21.0.5+11 (21.0.5+11-LTS, mixed mode, sharing, tiered, compressed oops, compressed class ptrs, parallel gc, windows-amd64)
GC Precious Log:
 CardTable entry size: 512
 CPUs: 12 total, 12 available
 Memory: 15753M
 Large Page Support: Disabled
 NUMA Support: Disabled
 Compressed Oops: Enabled (32-bit)
 Alignments: Space 512K, Generation 512K, Heap 2M
 Heap Min Capacity: 100M
 Heap Initial Capacity: 100M
 Heap Max Capacity: 1G
 Pre-touch: Disabled
 Parallel Workers: 10
Heap:
 PSYoungGen      total 3072K, used 877K [0x00000000eab00000, 0x00000000eb080000, 0x0000000100000000)
  eden space 2560K, 14% used [0x00000000eab00000,0x00000000eab5b610,0x00000000ead80000)
  from space 512K, 100% used [0x00000000eae00000,0x00000000eae80000,0x00000000eae80000)
  to   space 1536K, 0% used [0x00000000eaf00000,0x00000000eaf00000,0x00000000eb080000)
 ParOldGen       total 646656K, used 646561K [0x00000000c0000000, 0x00000000e7780000, 0x00000000eab00000)
  object space 646656K, 99% used [0x00000000c0000000,0x00000000e77684f8,0x00000000e7780000)
 Metaspace       used 77019K, committed 78592K, reserved 1179648K
  class space    used 7907K, committed 8576K, reserved 1048576K
GC Heap History (20 events):
Event: 80.125 GC heap before
{Heap before GC invocations=1195 (full 3):
 PSYoungGen      total 2560K, used 2486K [0x00000000eab00000, 0x00000000eaf00000, 0x0000000100000000)
  eden space 2048K, 100% used [0x00000000eab00000,0x00000000ead00000,0x00000000ead00000)
  from space 512K, 85% used [0x00000000eae00000,0x00000000eae6d808,0x00000000eae80000)
  to   space 512K, 0% used [0x00000000eae80000,0x00000000eae80000,0x00000000eaf00000)
 ParOldGen       total 643584K, used 643258K [0x00000000c0000000, 0x00000000e7480000, 0x00000000eab00000)
  object space 643584K, 99% used [0x00000000c0000000,0x00000000e742e9e0,0x00000000e7480000)
 Metaspace       used 77010K, committed 78592K, reserved 1179648K
  class space    used 7906K, committed 8576K, reserved 1048576K
}
Event: 80.128 GC heap after
{Heap after GC invocations=1195 (full 3):
 PSYoungGen      total 3072K, used 352K [0x00000000eab00000, 0x00000000eaf00000, 0x0000000100000000)
  eden space 2560K, 0% used [0x00000000eab00000,0x00000000eab00000,0x00000000ead80000)
  from space 512K, 68% used [0x00000000eae80000,0x00000000eaed8000,0x00000000eaf00000)
  to   space 512K, 0% used [0x00000000eae00000,0x00000000eae00000,0x00000000eae80000)
 ParOldGen       total 643584K, used 643560K [0x00000000c0000000, 0x00000000e7480000, 0x00000000eab00000)
  object space 643584K, 99% used [0x00000000c0000000,0x00000000e747a1e8,0x00000000e7480000)
 Metaspace       used 77010K, committed 78592K, reserved 1179648K
  class space    used 7906K, committed 8576K, reserved 1048576K
}
Event: 81.132 GC heap before
{Heap before GC invocations=1196 (full 3):
 PSYoungGen      total 3072K, used 2912K [0x00000000eab00000, 0x00000000eaf00000, 0x0000000100000000)
  eden space 2560K, 100% used [0x00000000eab00000,0x00000000ead80000,0x00000000ead80000)
  from space 512K, 68% used [0x00000000eae80000,0x00000000eaed8000,0x00000000eaf00000)
  to   space 512K, 0% used [0x00000000eae00000,0x00000000eae00000,0x00000000eae80000)
 ParOldGen       total 643584K, used 643560K [0x00000000c0000000, 0x00000000e7480000, 0x00000000eab00000)
  object space 643584K, 99% used [0x00000000c0000000,0x00000000e747a1e8,0x00000000e7480000)
 Metaspace       used 77010K, committed 78592K, reserved 1179648K
  class space    used 7906K, committed 8576K, reserved 1048576K
}
Event: 81.134 GC heap after
{Heap after GC invocations=1196 (full 3):
 PSYoungGen      total 3072K, used 448K [0x00000000eab00000, 0x00000000eaf00000, 0x0000000100000000)
  eden space 2560K, 0% used [0x00000000eab00000,0x00000000eab00000,0x00000000ead80000)
  from space 512K, 87% used [0x00000000eae00000,0x00000000eae70000,0x00000000eae80000)
  to   space 512K, 0% used [0x00000000eae80000,0x00000000eae80000,0x00000000eaf00000)
 ParOldGen       total 644096K, used 643800K [0x00000000c0000000, 0x00000000e7500000, 0x00000000eab00000)
  object space 644096K, 99% used [0x00000000c0000000,0x00000000e74b61e8,0x00000000e7500000)
 Metaspace       used 77010K, committed 78592K, reserved 1179648K
  class space    used 7906K, committed 8576K, reserved 1048576K
}
Event: 81.148 GC heap before
{Heap before GC invocations=1197 (full 3):
 PSYoungGen      total 3072K, used 3004K [0x00000000eab00000, 0x00000000eaf00000, 0x0000000100000000)
  eden space 2560K, 99% used [0x00000000eab00000,0x00000000ead7f1d8,0x00000000ead80000)
  from space 512K, 87% used [0x00000000eae00000,0x00000000eae70000,0x00000000eae80000)
  to   space 512K, 0% used [0x00000000eae80000,0x00000000eae80000,0x00000000eaf00000)
 ParOldGen       total 644096K, used 643800K [0x00000000c0000000, 0x00000000e7500000, 0x00000000eab00000)
  object space 644096K, 99% used [0x00000000c0000000,0x00000000e74b61e8,0x00000000e7500000)
 Metaspace       used 77010K, committed 78592K, reserved 1179648K
  class space    used 7906K, committed 8576K, reserved 1048576K
}
Event: 81.150 GC heap after
{Heap after GC invocations=1197 (full 3):
 PSYoungGen      total 3072K, used 416K [0x00000000eab00000, 0x00000000eaf00000, 0x0000000100000000)
  eden space 2560K, 0% used [0x00000000eab00000,0x00000000eab00000,0x00000000ead80000)
  from space 512K, 81% used [0x00000000eae80000,0x00000000eaee8000,0x00000000eaf00000)
  to   space 512K, 0% used [0x00000000eae00000,0x00000000eae00000,0x00000000eae80000)
 ParOldGen       total 644608K, used 644120K [0x00000000c0000000, 0x00000000e7580000, 0x00000000eab00000)
  object space 644608K, 99% used [0x00000000c0000000,0x00000000e75061e8,0x00000000e7580000)
 Metaspace       used 77010K, committed 78592K, reserved 1179648K
  class space    used 7906K, committed 8576K, reserved 1048576K
}
Event: 81.162 GC heap before
{Heap before GC invocations=1198 (full 3):
 PSYoungGen      total 3072K, used 2976K [0x00000000eab00000, 0x00000000eaf00000, 0x0000000100000000)
  eden space 2560K, 100% used [0x00000000eab00000,0x00000000ead80000,0x00000000ead80000)
  from space 512K, 81% used [0x00000000eae80000,0x00000000eaee8000,0x00000000eaf00000)
  to   space 512K, 0% used [0x00000000eae00000,0x00000000eae00000,0x00000000eae80000)
 ParOldGen       total 644608K, used 644120K [0x00000000c0000000, 0x00000000e7580000, 0x00000000eab00000)
  object space 644608K, 99% used [0x00000000c0000000,0x00000000e75061e8,0x00000000e7580000)
 Metaspace       used 77010K, committed 78592K, reserved 1179648K
  class space    used 7906K, committed 8576K, reserved 1048576K
}
Event: 81.165 GC heap after
{Heap after GC invocations=1198 (full 3):
 PSYoungGen      total 3072K, used 416K [0x00000000eab00000, 0x00000000eaf00000, 0x0000000100000000)
  eden space 2560K, 0% used [0x00000000eab00000,0x00000000eab00000,0x00000000ead80000)
  from space 512K, 81% used [0x00000000eae00000,0x00000000eae68000,0x00000000eae80000)
  to   space 512K, 0% used [0x00000000eae80000,0x00000000eae80000,0x00000000eaf00000)
 ParOldGen       total 644608K, used 644400K [0x00000000c0000000, 0x00000000e7580000, 0x00000000eab00000)
  object space 644608K, 99% used [0x00000000c0000000,0x00000000e754c1e8,0x00000000e7580000)
 Metaspace       used 77010K, committed 78592K, reserved 1179648K
  class space    used 7906K, committed 8576K, reserved 1048576K
}
Event: 81.274 GC heap before
{Heap before GC invocations=1199 (full 3):
 PSYoungGen      total 3072K, used 2967K [0x00000000eab00000, 0x00000000eaf00000, 0x0000000100000000)
  eden space 2560K, 99% used [0x00000000eab00000,0x00000000ead7dcc0,0x00000000ead80000)
  from space 512K, 81% used [0x00000000eae00000,0x00000000eae68000,0x00000000eae80000)
  to   space 512K, 0% used [0x00000000eae80000,0x00000000eae80000,0x00000000eaf00000)
 ParOldGen       total 644608K, used 644400K [0x00000000c0000000, 0x00000000e7580000, 0x00000000eab00000)
  object space 644608K, 99% used [0x00000000c0000000,0x00000000e754c1e8,0x00000000e7580000)
 Metaspace       used 77010K, committed 78592K, reserved 1179648K
  class space    used 7906K, committed 8576K, reserved 1048576K
}
Event: 81.276 GC heap after
{Heap after GC invocations=1199 (full 3):
 PSYoungGen      total 3072K, used 352K [0x00000000eab00000, 0x00000000eaf00000, 0x0000000100000000)
  eden space 2560K, 0% used [0x00000000eab00000,0x00000000eab00000,0x00000000ead80000)
  from space 512K, 68% used [0x00000000eae80000,0x00000000eaed8000,0x00000000eaf00000)
  to   space 512K, 0% used [0x00000000eae00000,0x00000000eae00000,0x00000000eae80000)
 ParOldGen       total 645120K, used 644696K [0x00000000c0000000, 0x00000000e7600000, 0x00000000eab00000)
  object space 645120K, 99% used [0x00000000c0000000,0x00000000e75961e8,0x00000000e7600000)
 Metaspace       used 77010K, committed 78592K, reserved 1179648K
  class space    used 7906K, committed 8576K, reserved 1048576K
}
Event: 81.288 GC heap before
{Heap before GC invocations=1200 (full 3):
 PSYoungGen      total 3072K, used 2912K [0x00000000eab00000, 0x00000000eaf00000, 0x0000000100000000)
  eden space 2560K, 100% used [0x00000000eab00000,0x00000000ead80000,0x00000000ead80000)
  from space 512K, 68% used [0x00000000eae80000,0x00000000eaed8000,0x00000000eaf00000)
  to   space 512K, 0% used [0x00000000eae00000,0x00000000eae00000,0x00000000eae80000)
 ParOldGen       total 645120K, used 644696K [0x00000000c0000000, 0x00000000e7600000, 0x00000000eab00000)
  object space 645120K, 99% used [0x00000000c0000000,0x00000000e75961e8,0x00000000e7600000)
 Metaspace       used 77010K, committed 78592K, reserved 1179648K
  class space    used 7906K, committed 8576K, reserved 1048576K
}
Event: 81.290 GC heap after
{Heap after GC invocations=1200 (full 3):
 PSYoungGen      total 3072K, used 512K [0x00000000eab00000, 0x00000000eaf80000, 0x0000000100000000)
  eden space 2560K, 0% used [0x00000000eab00000,0x00000000eab00000,0x00000000ead80000)
  from space 512K, 100% used [0x00000000eae00000,0x00000000eae80000,0x00000000eae80000)
  to   space 1024K, 0% used [0x00000000eae80000,0x00000000eae80000,0x00000000eaf80000)
 ParOldGen       total 645120K, used 644872K [0x00000000c0000000, 0x00000000e7600000, 0x00000000eab00000)
  object space 645120K, 99% used [0x00000000c0000000,0x00000000e75c21d8,0x00000000e7600000)
 Metaspace       used 77010K, committed 78592K, reserved 1179648K
  class space    used 7906K, committed 8576K, reserved 1048576K
}
Event: 81.304 GC heap before
{Heap before GC invocations=1201 (full 3):
 PSYoungGen      total 3072K, used 3070K [0x00000000eab00000, 0x00000000eaf80000, 0x0000000100000000)
  eden space 2560K, 99% used [0x00000000eab00000,0x00000000ead7f948,0x00000000ead80000)
  from space 512K, 100% used [0x00000000eae00000,0x00000000eae80000,0x00000000eae80000)
  to   space 1024K, 0% used [0x00000000eae80000,0x00000000eae80000,0x00000000eaf80000)
 ParOldGen       total 645120K, used 644872K [0x00000000c0000000, 0x00000000e7600000, 0x00000000eab00000)
  object space 645120K, 99% used [0x00000000c0000000,0x00000000e75c21d8,0x00000000e7600000)
 Metaspace       used 77018K, committed 78592K, reserved 1179648K
  class space    used 7907K, committed 8576K, reserved 1048576K
}
Event: 81.306 GC heap after
{Heap after GC invocations=1201 (full 3):
 PSYoungGen      total 3584K, used 544K [0x00000000eab00000, 0x00000000eaf80000, 0x0000000100000000)
  eden space 2560K, 0% used [0x00000000eab00000,0x00000000eab00000,0x00000000ead80000)
  from space 1024K, 53% used [0x00000000eae80000,0x00000000eaf08000,0x00000000eaf80000)
  to   space 1024K, 0% used [0x00000000ead80000,0x00000000ead80000,0x00000000eae80000)
 ParOldGen       total 645632K, used 645300K [0x00000000c0000000, 0x00000000e7680000, 0x00000000eab00000)
  object space 645632K, 99% used [0x00000000c0000000,0x00000000e762d3e0,0x00000000e7680000)
 Metaspace       used 77018K, committed 78592K, reserved 1179648K
  class space    used 7907K, committed 8576K, reserved 1048576K
}
Event: 81.327 GC heap before
{Heap before GC invocations=1202 (full 3):
 PSYoungGen      total 3584K, used 3104K [0x00000000eab00000, 0x00000000eaf80000, 0x0000000100000000)
  eden space 2560K, 100% used [0x00000000eab00000,0x00000000ead80000,0x00000000ead80000)
  from space 1024K, 53% used [0x00000000eae80000,0x00000000eaf08000,0x00000000eaf80000)
  to   space 1024K, 0% used [0x00000000ead80000,0x00000000ead80000,0x00000000eae80000)
 ParOldGen       total 645632K, used 645300K [0x00000000c0000000, 0x00000000e7680000, 0x00000000eab00000)
  object space 645632K, 99% used [0x00000000c0000000,0x00000000e762d3e0,0x00000000e7680000)
 Metaspace       used 77018K, committed 78592K, reserved 1179648K
  class space    used 7907K, committed 8576K, reserved 1048576K
}
Event: 81.330 GC heap after
{Heap after GC invocations=1202 (full 3):
 PSYoungGen      total 3584K, used 512K [0x00000000eab00000, 0x00000000eaf80000, 0x0000000100000000)
  eden space 2560K, 0% used [0x00000000eab00000,0x00000000eab00000,0x00000000ead80000)
  from space 1024K, 50% used [0x00000000ead80000,0x00000000eae00000,0x00000000eae80000)
  to   space 1024K, 0% used [0x00000000eae80000,0x00000000eae80000,0x00000000eaf80000)
 ParOldGen       total 646144K, used 645711K [0x00000000c0000000, 0x00000000e7700000, 0x00000000eab00000)
  object space 646144K, 99% used [0x00000000c0000000,0x00000000e7693fe8,0x00000000e7700000)
 Metaspace       used 77018K, committed 78592K, reserved 1179648K
  class space    used 7907K, committed 8576K, reserved 1048576K
}
Event: 81.342 GC heap before
{Heap before GC invocations=1203 (full 3):
 PSYoungGen      total 3584K, used 3061K [0x00000000eab00000, 0x00000000eaf80000, 0x0000000100000000)
  eden space 2560K, 99% used [0x00000000eab00000,0x00000000ead7d478,0x00000000ead80000)
  from space 1024K, 50% used [0x00000000ead80000,0x00000000eae00000,0x00000000eae80000)
  to   space 1024K, 0% used [0x00000000eae80000,0x00000000eae80000,0x00000000eaf80000)
 ParOldGen       total 646144K, used 645711K [0x00000000c0000000, 0x00000000e7700000, 0x00000000eab00000)
  object space 646144K, 99% used [0x00000000c0000000,0x00000000e7693fe8,0x00000000e7700000)
 Metaspace       used 77018K, committed 78592K, reserved 1179648K
  class space    used 7907K, committed 8576K, reserved 1048576K
}
Event: 81.345 GC heap after
{Heap after GC invocations=1203 (full 3):
 PSYoungGen      total 3072K, used 438K [0x00000000eab00000, 0x00000000eaf00000, 0x0000000100000000)
  eden space 2560K, 0% used [0x00000000eab00000,0x00000000eab00000,0x00000000ead80000)
  from space 512K, 85% used [0x00000000eae80000,0x00000000eaeed808,0x00000000eaf00000)
  to   space 512K, 0% used [0x00000000eae00000,0x00000000eae00000,0x00000000eae80000)
 ParOldGen       total 646144K, used 646116K [0x00000000c0000000, 0x00000000e7700000, 0x00000000eab00000)
  object space 646144K, 99% used [0x00000000c0000000,0x00000000e76f91f0,0x00000000e7700000)
 Metaspace       used 77018K, committed 78592K, reserved 1179648K
  class space    used 7907K, committed 8576K, reserved 1048576K
}
Event: 81.362 GC heap before
{Heap before GC invocations=1204 (full 3):
 PSYoungGen      total 3072K, used 2998K [0x00000000eab00000, 0x00000000eaf00000, 0x0000000100000000)
  eden space 2560K, 100% used [0x00000000eab00000,0x00000000ead80000,0x00000000ead80000)
  from space 512K, 85% used [0x00000000eae80000,0x00000000eaeed808,0x00000000eaf00000)
  to   space 512K, 0% used [0x00000000eae00000,0x00000000eae00000,0x00000000eae80000)
 ParOldGen       total 646144K, used 646116K [0x00000000c0000000, 0x00000000e7700000, 0x00000000eab00000)
  object space 646144K, 99% used [0x00000000c0000000,0x00000000e76f91f0,0x00000000e7700000)
 Metaspace       used 77018K, committed 78592K, reserved 1179648K
  class space    used 7907K, committed 8576K, reserved 1048576K
}
Event: 82.455 GC heap after
{Heap after GC invocations=1204 (full 3):
 PSYoungGen      total 3072K, used 512K [0x00000000eab00000, 0x00000000eb080000, 0x0000000100000000)
  eden space 2560K, 0% used [0x00000000eab00000,0x00000000eab00000,0x00000000ead80000)
  from space 512K, 100% used [0x00000000eae00000,0x00000000eae80000,0x00000000eae80000)
  to   space 1536K, 0% used [0x00000000eaf00000,0x00000000eaf00000,0x00000000eb080000)
 ParOldGen       total 646656K, used 646561K [0x00000000c0000000, 0x00000000e7780000, 0x00000000eab00000)
  object space 646656K, 99% used [0x00000000c0000000,0x00000000e77684f8,0x00000000e7780000)
 Metaspace       used 77018K, committed 78592K, reserved 1179648K
  class space    used 7907K, committed 8576K, reserved 1048576K
}

