# JRE version: OpenJDK Runtime Environment Temurin-17.0.13+11 (17.0.13+11) (build 17.0.13+11)
# Java VM: OpenJDK 64-Bit Server VM Temurin-17.0.13+11 (17.0.13+11, mixed mode, tiered, compressed oops, compressed class ptrs, parallel gc, windows-amd64)
GC Precious Log:
 CPUs: 12 total, 12 available
 Memory: 15753M
 Large Page Support: Disabled
 NUMA Support: Disabled
 Compressed Oops: Enabled (32-bit)
 Alignments: Space 512K, Generation 512K, Heap 2M
 Heap Min Capacity: 100M
 Heap Initial Capacity: 100M
 Heap Max Capacity: 1G
 Pre-touch: Disabled
 Parallel Workers: 10
Heap:
 PSYoungGen      total 24576K, used 10413K [0x00000000eab00000, 0x00000000ec680000, 0x0000000100000000)
  eden space 20992K, 49% used [0x00000000eab00000,0x00000000eb52b530,0x00000000ebf80000)
  from space 3584K, 0% used [0x00000000ebf80000,0x00000000ebf80000,0x00000000ec300000)
  to   space 3584K, 0% used [0x00000000ec300000,0x00000000ec300000,0x00000000ec680000)
 ParOldGen       total 145408K, used 105108K [0x00000000c0000000, 0x00000000c8e00000, 0x00000000eab00000)
  object space 145408K, 72% used [0x00000000c0000000,0x00000000c66a5070,0x00000000c8e00000)
 Metaspace       used 84276K, committed 85696K, reserved 1179648K
  class space    used 8897K, committed 9536K, reserved 1048576K
GC Heap History (20 events):
Event: 369.033 GC heap before
{Heap before GC invocations=311 (full 7):
 PSYoungGen      total 24064K, used 24040K [0x00000000eab00000, 0x00000000ec580000, 0x0000000100000000)
  eden space 22016K, 100% used [0x00000000eab00000,0x00000000ec080000,0x00000000ec080000)
  from space 2048K, 98% used [0x00000000ec080000,0x00000000ec27a0a8,0x00000000ec280000)
  to   space 2560K, 0% used [0x00000000ec300000,0x00000000ec300000,0x00000000ec580000)
 ParOldGen       total 143872K, used 141128K [0x00000000c0000000, 0x00000000c8c80000, 0x00000000eab00000)
  object space 143872K, 98% used [0x00000000c0000000,0x00000000c89d2300,0x00000000c8c80000)
 Metaspace       used 83390K, committed 84800K, reserved 1179648K
  class space    used 8800K, committed 9408K, reserved 1048576K
}
Event: 369.034 GC heap after
{Heap after GC invocations=311 (full 7):
 PSYoungGen      total 24064K, used 2009K [0x00000000eab00000, 0x00000000ec500000, 0x0000000100000000)
  eden space 22016K, 0% used [0x00000000eab00000,0x00000000eab00000,0x00000000ec080000)
  from space 2048K, 98% used [0x00000000ec300000,0x00000000ec4f67f0,0x00000000ec500000)
  to   space 2048K, 0% used [0x00000000ec080000,0x00000000ec080000,0x00000000ec280000)
 ParOldGen       total 143872K, used 141396K [0x00000000c0000000, 0x00000000c8c80000, 0x00000000eab00000)
  object space 143872K, 98% used [0x00000000c0000000,0x00000000c8a15070,0x00000000c8c80000)
 Metaspace       used 83390K, committed 84800K, reserved 1179648K
  class space    used 8800K, committed 9408K, reserved 1048576K
}
Event: 369.048 GC heap before
{Heap before GC invocations=312 (full 7):
 PSYoungGen      total 24064K, used 24025K [0x00000000eab00000, 0x00000000ec500000, 0x0000000100000000)
  eden space 22016K, 100% used [0x00000000eab00000,0x00000000ec080000,0x00000000ec080000)
  from space 2048K, 98% used [0x00000000ec300000,0x00000000ec4f67f0,0x00000000ec500000)
  to   space 2048K, 0% used [0x00000000ec080000,0x00000000ec080000,0x00000000ec280000)
 ParOldGen       total 143872K, used 141396K [0x00000000c0000000, 0x00000000c8c80000, 0x00000000eab00000)
  object space 143872K, 98% used [0x00000000c0000000,0x00000000c8a15070,0x00000000c8c80000)
 Metaspace       used 83390K, committed 84800K, reserved 1179648K
  class space    used 8800K, committed 9408K, reserved 1048576K
}
Event: 369.049 GC heap after
{Heap after GC invocations=312 (full 7):
 PSYoungGen      total 24064K, used 2041K [0x00000000eab00000, 0x00000000ec580000, 0x0000000100000000)
  eden space 22016K, 0% used [0x00000000eab00000,0x00000000eab00000,0x00000000ec080000)
  from space 2048K, 99% used [0x00000000ec080000,0x00000000ec27e708,0x00000000ec280000)
  to   space 2560K, 0% used [0x00000000ec300000,0x00000000ec300000,0x00000000ec580000)
 ParOldGen       total 143872K, used 141484K [0x00000000c0000000, 0x00000000c8c80000, 0x00000000eab00000)
  object space 143872K, 98% used [0x00000000c0000000,0x00000000c8a2b070,0x00000000c8c80000)
 Metaspace       used 83390K, committed 84800K, reserved 1179648K
  class space    used 8800K, committed 9408K, reserved 1048576K
}
Event: 369.066 GC heap before
{Heap before GC invocations=313 (full 7):
 PSYoungGen      total 24064K, used 24057K [0x00000000eab00000, 0x00000000ec580000, 0x0000000100000000)
  eden space 22016K, 100% used [0x00000000eab00000,0x00000000ec080000,0x00000000ec080000)
  from space 2048K, 99% used [0x00000000ec080000,0x00000000ec27e708,0x00000000ec280000)
  to   space 2560K, 0% used [0x00000000ec300000,0x00000000ec300000,0x00000000ec580000)
 ParOldGen       total 143872K, used 141484K [0x00000000c0000000, 0x00000000c8c80000, 0x00000000eab00000)
  object space 143872K, 98% used [0x00000000c0000000,0x00000000c8a2b070,0x00000000c8c80000)
 Metaspace       used 83390K, committed 84800K, reserved 1179648K
  class space    used 8800K, committed 9408K, reserved 1048576K
}
Event: 369.067 GC heap after
{Heap after GC invocations=313 (full 7):
 PSYoungGen      total 24064K, used 1876K [0x00000000eab00000, 0x00000000ec500000, 0x0000000100000000)
  eden space 22016K, 0% used [0x00000000eab00000,0x00000000eab00000,0x00000000ec080000)
  from space 2048K, 91% used [0x00000000ec300000,0x00000000ec4d5330,0x00000000ec500000)
  to   space 2048K, 0% used [0x00000000ec080000,0x00000000ec080000,0x00000000ec280000)
 ParOldGen       total 143872K, used 142035K [0x00000000c0000000, 0x00000000c8c80000, 0x00000000eab00000)
  object space 143872K, 98% used [0x00000000c0000000,0x00000000c8ab4cf8,0x00000000c8c80000)
 Metaspace       used 83390K, committed 84800K, reserved 1179648K
  class space    used 8800K, committed 9408K, reserved 1048576K
}
Event: 369.087 GC heap before
{Heap before GC invocations=314 (full 7):
 PSYoungGen      total 24064K, used 23892K [0x00000000eab00000, 0x00000000ec500000, 0x0000000100000000)
  eden space 22016K, 100% used [0x00000000eab00000,0x00000000ec080000,0x00000000ec080000)
  from space 2048K, 91% used [0x00000000ec300000,0x00000000ec4d5330,0x00000000ec500000)
  to   space 2048K, 0% used [0x00000000ec080000,0x00000000ec080000,0x00000000ec280000)
 ParOldGen       total 143872K, used 142035K [0x00000000c0000000, 0x00000000c8c80000, 0x00000000eab00000)
  object space 143872K, 98% used [0x00000000c0000000,0x00000000c8ab4cf8,0x00000000c8c80000)
 Metaspace       used 83390K, committed 84800K, reserved 1179648K
  class space    used 8800K, committed 9408K, reserved 1048576K
}
Event: 369.088 GC heap after
{Heap after GC invocations=314 (full 7):
 PSYoungGen      total 24064K, used 2045K [0x00000000eab00000, 0x00000000ec580000, 0x0000000100000000)
  eden space 22016K, 0% used [0x00000000eab00000,0x00000000eab00000,0x00000000ec080000)
  from space 2048K, 99% used [0x00000000ec080000,0x00000000ec27f4e0,0x00000000ec280000)
  to   space 2560K, 0% used [0x00000000ec300000,0x00000000ec300000,0x00000000ec580000)
 ParOldGen       total 143872K, used 142171K [0x00000000c0000000, 0x00000000c8c80000, 0x00000000eab00000)
  object space 143872K, 98% used [0x00000000c0000000,0x00000000c8ad6cf8,0x00000000c8c80000)
 Metaspace       used 83390K, committed 84800K, reserved 1179648K
  class space    used 8800K, committed 9408K, reserved 1048576K
}
Event: 369.108 GC heap before
{Heap before GC invocations=315 (full 7):
 PSYoungGen      total 24064K, used 24061K [0x00000000eab00000, 0x00000000ec580000, 0x0000000100000000)
  eden space 22016K, 100% used [0x00000000eab00000,0x00000000ec080000,0x00000000ec080000)
  from space 2048K, 99% used [0x00000000ec080000,0x00000000ec27f4e0,0x00000000ec280000)
  to   space 2560K, 0% used [0x00000000ec300000,0x00000000ec300000,0x00000000ec580000)
 ParOldGen       total 143872K, used 142171K [0x00000000c0000000, 0x00000000c8c80000, 0x00000000eab00000)
  object space 143872K, 98% used [0x00000000c0000000,0x00000000c8ad6cf8,0x00000000c8c80000)
 Metaspace       used 83390K, committed 84800K, reserved 1179648K
  class space    used 8800K, committed 9408K, reserved 1048576K
}
Event: 369.109 GC heap after
{Heap after GC invocations=315 (full 7):
 PSYoungGen      total 24576K, used 2238K [0x00000000eab00000, 0x00000000ec580000, 0x0000000100000000)
  eden space 22016K, 0% used [0x00000000eab00000,0x00000000eab00000,0x00000000ec080000)
  from space 2560K, 87% used [0x00000000ec300000,0x00000000ec52fa00,0x00000000ec580000)
  to   space 2560K, 0% used [0x00000000ec080000,0x00000000ec080000,0x00000000ec300000)
 ParOldGen       total 143872K, used 142749K [0x00000000c0000000, 0x00000000c8c80000, 0x00000000eab00000)
  object space 143872K, 99% used [0x00000000c0000000,0x00000000c8b67738,0x00000000c8c80000)
 Metaspace       used 83390K, committed 84800K, reserved 1179648K
  class space    used 8800K, committed 9408K, reserved 1048576K
}
Event: 369.134 GC heap before
{Heap before GC invocations=316 (full 7):
 PSYoungGen      total 24576K, used 24254K [0x00000000eab00000, 0x00000000ec580000, 0x0000000100000000)
  eden space 22016K, 100% used [0x00000000eab00000,0x00000000ec080000,0x00000000ec080000)
  from space 2560K, 87% used [0x00000000ec300000,0x00000000ec52fa00,0x00000000ec580000)
  to   space 2560K, 0% used [0x00000000ec080000,0x00000000ec080000,0x00000000ec300000)
 ParOldGen       total 143872K, used 142749K [0x00000000c0000000, 0x00000000c8c80000, 0x00000000eab00000)
  object space 143872K, 99% used [0x00000000c0000000,0x00000000c8b67738,0x00000000c8c80000)
 Metaspace       used 83414K, committed 84800K, reserved 1179648K
  class space    used 8801K, committed 9408K, reserved 1048576K
}
Event: 369.136 GC heap after
{Heap after GC invocations=316 (full 7):
 PSYoungGen      total 24576K, used 2531K [0x00000000eab00000, 0x00000000ec680000, 0x0000000100000000)
  eden space 22016K, 0% used [0x00000000eab00000,0x00000000eab00000,0x00000000ec080000)
  from space 2560K, 98% used [0x00000000ec080000,0x00000000ec2f8dd0,0x00000000ec300000)
  to   space 3072K, 0% used [0x00000000ec380000,0x00000000ec380000,0x00000000ec680000)
 ParOldGen       total 143872K, used 142749K [0x00000000c0000000, 0x00000000c8c80000, 0x00000000eab00000)
  object space 143872K, 99% used [0x00000000c0000000,0x00000000c8b67738,0x00000000c8c80000)
 Metaspace       used 83414K, committed 84800K, reserved 1179648K
  class space    used 8801K, committed 9408K, reserved 1048576K
}
Event: 369.299 GC heap before
{Heap before GC invocations=317 (full 7):
 PSYoungGen      total 24576K, used 24547K [0x00000000eab00000, 0x00000000ec680000, 0x0000000100000000)
  eden space 22016K, 100% used [0x00000000eab00000,0x00000000ec080000,0x00000000ec080000)
  from space 2560K, 98% used [0x00000000ec080000,0x00000000ec2f8dd0,0x00000000ec300000)
  to   space 3072K, 0% used [0x00000000ec380000,0x00000000ec380000,0x00000000ec680000)
 ParOldGen       total 143872K, used 142749K [0x00000000c0000000, 0x00000000c8c80000, 0x00000000eab00000)
  object space 143872K, 99% used [0x00000000c0000000,0x00000000c8b67738,0x00000000c8c80000)
 Metaspace       used 83518K, committed 84992K, reserved 1179648K
  class space    used 8815K, committed 9472K, reserved 1048576K
}
Event: 369.301 GC heap after
{Heap after GC invocations=317 (full 7):
 PSYoungGen      total 24064K, used 2042K [0x00000000eab00000, 0x00000000ec580000, 0x0000000100000000)
  eden space 22016K, 0% used [0x00000000eab00000,0x00000000eab00000,0x00000000ec080000)
  from space 2048K, 99% used [0x00000000ec380000,0x00000000ec57e920,0x00000000ec580000)
  to   space 2560K, 0% used [0x00000000ec080000,0x00000000ec080000,0x00000000ec300000)
 ParOldGen       total 143872K, used 142757K [0x00000000c0000000, 0x00000000c8c80000, 0x00000000eab00000)
  object space 143872K, 99% used [0x00000000c0000000,0x00000000c8b69738,0x00000000c8c80000)
 Metaspace       used 83518K, committed 84992K, reserved 1179648K
  class space    used 8815K, committed 9472K, reserved 1048576K
}
Event: 369.443 GC heap before
{Heap before GC invocations=318 (full 7):
 PSYoungGen      total 24064K, used 23355K [0x00000000eab00000, 0x00000000ec580000, 0x0000000100000000)
  eden space 22016K, 96% used [0x00000000eab00000,0x00000000ebfd0470,0x00000000ec080000)
  from space 2048K, 99% used [0x00000000ec380000,0x00000000ec57e920,0x00000000ec580000)
  to   space 2560K, 0% used [0x00000000ec080000,0x00000000ec080000,0x00000000ec300000)
 ParOldGen       total 143872K, used 142757K [0x00000000c0000000, 0x00000000c8c80000, 0x00000000eab00000)
  object space 143872K, 99% used [0x00000000c0000000,0x00000000c8b69738,0x00000000c8c80000)
 Metaspace       used 83521K, committed 84992K, reserved 1179648K
  class space    used 8815K, committed 9472K, reserved 1048576K
}
Event: 369.444 GC heap after
{Heap after GC invocations=318 (full 7):
 PSYoungGen      total 24576K, used 2068K [0x00000000eab00000, 0x00000000ec580000, 0x0000000100000000)
  eden space 22016K, 0% used [0x00000000eab00000,0x00000000eab00000,0x00000000ec080000)
  from space 2560K, 80% used [0x00000000ec080000,0x00000000ec285220,0x00000000ec300000)
  to   space 2560K, 0% used [0x00000000ec300000,0x00000000ec300000,0x00000000ec580000)
 ParOldGen       total 143872K, used 142757K [0x00000000c0000000, 0x00000000c8c80000, 0x00000000eab00000)
  object space 143872K, 99% used [0x00000000c0000000,0x00000000c8b69738,0x00000000c8c80000)
 Metaspace       used 83521K, committed 84992K, reserved 1179648K
  class space    used 8815K, committed 9472K, reserved 1048576K
}
Event: 369.572 GC heap before
{Heap before GC invocations=319 (full 7):
 PSYoungGen      total 24576K, used 24084K [0x00000000eab00000, 0x00000000ec580000, 0x0000000100000000)
  eden space 22016K, 100% used [0x00000000eab00000,0x00000000ec080000,0x00000000ec080000)
  from space 2560K, 80% used [0x00000000ec080000,0x00000000ec285220,0x00000000ec300000)
  to   space 2560K, 0% used [0x00000000ec300000,0x00000000ec300000,0x00000000ec580000)
 ParOldGen       total 143872K, used 142757K [0x00000000c0000000, 0x00000000c8c80000, 0x00000000eab00000)
  object space 143872K, 99% used [0x00000000c0000000,0x00000000c8b69738,0x00000000c8c80000)
 Metaspace       used 83522K, committed 84992K, reserved 1179648K
  class space    used 8815K, committed 9472K, reserved 1048576K
}
Event: 369.573 GC heap after
{Heap after GC invocations=319 (full 7):
 PSYoungGen      total 23552K, used 2543K [0x00000000eab00000, 0x00000000ec780000, 0x0000000100000000)
  eden space 20992K, 0% used [0x00000000eab00000,0x00000000eab00000,0x00000000ebf80000)
  from space 2560K, 99% used [0x00000000ec300000,0x00000000ec57be28,0x00000000ec580000)
  to   space 3584K, 0% used [0x00000000ebf80000,0x00000000ebf80000,0x00000000ec300000)
 ParOldGen       total 143872K, used 143349K [0x00000000c0000000, 0x00000000c8c80000, 0x00000000eab00000)
  object space 143872K, 99% used [0x00000000c0000000,0x00000000c8bfd768,0x00000000c8c80000)
 Metaspace       used 83522K, committed 84992K, reserved 1179648K
  class space    used 8815K, committed 9472K, reserved 1048576K
}
Event: 369.891 GC heap before
{Heap before GC invocations=320 (full 8):
 PSYoungGen      total 23552K, used 23535K [0x00000000eab00000, 0x00000000ec780000, 0x0000000100000000)
  eden space 20992K, 100% used [0x00000000eab00000,0x00000000ebf80000,0x00000000ebf80000)
  from space 2560K, 99% used [0x00000000ec300000,0x00000000ec57be28,0x00000000ec580000)
  to   space 3584K, 0% used [0x00000000ebf80000,0x00000000ebf80000,0x00000000ec300000)
 ParOldGen       total 143872K, used 143349K [0x00000000c0000000, 0x00000000c8c80000, 0x00000000eab00000)
  object space 143872K, 99% used [0x00000000c0000000,0x00000000c8bfd768,0x00000000c8c80000)
 Metaspace       used 84139K, committed 85568K, reserved 1179648K
  class space    used 8884K, committed 9536K, reserved 1048576K
}
Event: 369.961 GC heap after
{Heap after GC invocations=320 (full 8):
 PSYoungGen      total 24576K, used 0K [0x00000000eab00000, 0x00000000ec680000, 0x0000000100000000)
  eden space 20992K, 0% used [0x00000000eab00000,0x00000000eab00000,0x00000000ebf80000)
  from space 3584K, 0% used [0x00000000ebf80000,0x00000000ebf80000,0x00000000ec300000)
  to   space 3584K, 0% used [0x00000000ec300000,0x00000000ec300000,0x00000000ec680000)
 ParOldGen       total 145408K, used 105108K [0x00000000c0000000, 0x00000000c8e00000, 0x00000000eab00000)
  object space 145408K, 72% used [0x00000000c0000000,0x00000000c66a5070,0x00000000c8e00000)
 Metaspace       used 84139K, committed 85568K, reserved 1179648K
  class space    used 8884K, committed 9536K, reserved 1048576K
}

