# JRE version: OpenJDK Runtime Environment Temurin-17.0.13+11 (17.0.13+11) (build 17.0.13+11)
# Java VM: OpenJDK 64-Bit Server VM Temurin-17.0.13+11 (17.0.13+11, mixed mode, tiered, compressed oops, compressed class ptrs, parallel gc, windows-amd64)
GC Precious Log:
 CPUs: 12 total, 12 available
 Memory: 15753M
 Large Page Support: Disabled
 NUMA Support: Disabled
 Compressed Oops: Enabled (32-bit)
 Alignments: Space 512K, Generation 512K, Heap 2M
 Heap Min Capacity: 100M
 Heap Initial Capacity: 100M
 Heap Max Capacity: 1G
 Pre-touch: Disabled
 Parallel Workers: 10
Heap:
 PSYoungGen      total 93184K, used 85358K [0x00000000eab00000, 0x00000000f1200000, 0x0000000100000000)
  eden space 82432K, 90% used [0x00000000eab00000,0x00000000ef42f268,0x00000000efb80000)
  from space 10752K, 96% used [0x00000000f0680000,0x00000000f10ac6f8,0x00000000f1100000)
  to   space 11264K, 0% used [0x00000000efb80000,0x00000000efb80000,0x00000000f0680000)
 ParOldGen       total 383488K, used 346264K [0x00000000c0000000, 0x00000000d7680000, 0x00000000eab00000)
  object space 383488K, 90% used [0x00000000c0000000,0x00000000d52263b0,0x00000000d7680000)
 Metaspace       used 73936K, committed 75264K, reserved 1179648K
  class space    used 7734K, committed 8320K, reserved 1048576K
GC Heap History (20 events):
Event: 19.922 GC heap before
{Heap before GC invocations=197 (full 11):
 PSYoungGen      total 61440K, used 61331K [0x00000000eab00000, 0x00000000eea00000, 0x0000000100000000)
  eden space 59392K, 100% used [0x00000000eab00000,0x00000000ee500000,0x00000000ee500000)
  from space 2048K, 94% used [0x00000000ee700000,0x00000000ee8e4db0,0x00000000ee900000)
  to   space 2048K, 0% used [0x00000000ee500000,0x00000000ee500000,0x00000000ee700000)
 ParOldGen       total 360960K, used 355917K [0x00000000c0000000, 0x00000000d6080000, 0x00000000eab00000)
  object space 360960K, 98% used [0x00000000c0000000,0x00000000d5b93538,0x00000000d6080000)
 Metaspace       used 72132K, committed 73408K, reserved 1114112K
  class space    used 7558K, committed 8128K, reserved 1048576K
}
Event: 19.925 GC heap after
{Heap after GC invocations=197 (full 11):
 PSYoungGen      total 61440K, used 1856K [0x00000000eab00000, 0x00000000eef00000, 0x0000000100000000)
  eden space 59392K, 0% used [0x00000000eab00000,0x00000000eab00000,0x00000000ee500000)
  from space 2048K, 90% used [0x00000000ee500000,0x00000000ee6d0000,0x00000000ee700000)
  to   space 2048K, 0% used [0x00000000eed00000,0x00000000eed00000,0x00000000eef00000)
 ParOldGen       total 360960K, used 357739K [0x00000000c0000000, 0x00000000d6080000, 0x00000000eab00000)
  object space 360960K, 99% used [0x00000000c0000000,0x00000000d5d5ad88,0x00000000d6080000)
 Metaspace       used 72132K, committed 73408K, reserved 1114112K
  class space    used 7558K, committed 8128K, reserved 1048576K
}
Event: 19.967 GC heap before
{Heap before GC invocations=198 (full 11):
 PSYoungGen      total 61440K, used 61248K [0x00000000eab00000, 0x00000000eef00000, 0x0000000100000000)
  eden space 59392K, 100% used [0x00000000eab00000,0x00000000ee500000,0x00000000ee500000)
  from space 2048K, 90% used [0x00000000ee500000,0x00000000ee6d0000,0x00000000ee700000)
  to   space 2048K, 0% used [0x00000000eed00000,0x00000000eed00000,0x00000000eef00000)
 ParOldGen       total 360960K, used 357739K [0x00000000c0000000, 0x00000000d6080000, 0x00000000eab00000)
  object space 360960K, 99% used [0x00000000c0000000,0x00000000d5d5ad88,0x00000000d6080000)
 Metaspace       used 72143K, committed 73472K, reserved 1179648K
  class space    used 7558K, committed 8128K, reserved 1048576K
}
Event: 19.973 GC heap after
{Heap after GC invocations=198 (full 11):
 PSYoungGen      total 63488K, used 2023K [0x00000000eab00000, 0x00000000ef700000, 0x0000000100000000)
  eden space 61440K, 0% used [0x00000000eab00000,0x00000000eab00000,0x00000000ee700000)
  from space 2048K, 98% used [0x00000000eed00000,0x00000000eeef9fc0,0x00000000eef00000)
  to   space 6144K, 0% used [0x00000000ee700000,0x00000000ee700000,0x00000000eed00000)
 ParOldGen       total 361472K, used 361161K [0x00000000c0000000, 0x00000000d6100000, 0x00000000eab00000)
  object space 361472K, 99% used [0x00000000c0000000,0x00000000d60b2790,0x00000000d6100000)
 Metaspace       used 72143K, committed 73472K, reserved 1179648K
  class space    used 7558K, committed 8128K, reserved 1048576K
}
Event: 20.010 GC heap before
{Heap before GC invocations=199 (full 12):
 PSYoungGen      total 63488K, used 63463K [0x00000000eab00000, 0x00000000ef700000, 0x0000000100000000)
  eden space 61440K, 100% used [0x00000000eab00000,0x00000000ee700000,0x00000000ee700000)
  from space 2048K, 98% used [0x00000000eed00000,0x00000000eeef9fc0,0x00000000eef00000)
  to   space 6144K, 0% used [0x00000000ee700000,0x00000000ee700000,0x00000000eed00000)
 ParOldGen       total 361472K, used 361161K [0x00000000c0000000, 0x00000000d6100000, 0x00000000eab00000)
  object space 361472K, 99% used [0x00000000c0000000,0x00000000d60b2790,0x00000000d6100000)
 Metaspace       used 72164K, committed 73472K, reserved 1179648K
  class space    used 7558K, committed 8128K, reserved 1048576K
}
Event: 20.216 GC heap after
{Heap after GC invocations=199 (full 12):
 PSYoungGen      total 67584K, used 0K [0x00000000eab00000, 0x00000000ef880000, 0x0000000100000000)
  eden space 61440K, 0% used [0x00000000eab00000,0x00000000eab00000,0x00000000ee700000)
  from space 6144K, 0% used [0x00000000ee700000,0x00000000ee700000,0x00000000eed00000)
  to   space 6144K, 0% used [0x00000000ef280000,0x00000000ef280000,0x00000000ef880000)
 ParOldGen       total 383488K, used 328822K [0x00000000c0000000, 0x00000000d7680000, 0x00000000eab00000)
  object space 383488K, 85% used [0x00000000c0000000,0x00000000d411da80,0x00000000d7680000)
 Metaspace       used 72164K, committed 73472K, reserved 1179648K
  class space    used 7558K, committed 8128K, reserved 1048576K
}
Event: 20.269 GC heap before
{Heap before GC invocations=200 (full 12):
 PSYoungGen      total 67584K, used 61440K [0x00000000eab00000, 0x00000000ef880000, 0x0000000100000000)
  eden space 61440K, 100% used [0x00000000eab00000,0x00000000ee700000,0x00000000ee700000)
  from space 6144K, 0% used [0x00000000ee700000,0x00000000ee700000,0x00000000eed00000)
  to   space 6144K, 0% used [0x00000000ef280000,0x00000000ef280000,0x00000000ef880000)
 ParOldGen       total 383488K, used 328822K [0x00000000c0000000, 0x00000000d7680000, 0x00000000eab00000)
  object space 383488K, 85% used [0x00000000c0000000,0x00000000d411da80,0x00000000d7680000)
 Metaspace       used 72173K, committed 73472K, reserved 1179648K
  class space    used 7558K, committed 8128K, reserved 1048576K
}
Event: 20.271 GC heap after
{Heap after GC invocations=200 (full 12):
 PSYoungGen      total 68096K, used 1699K [0x00000000eab00000, 0x00000000ef480000, 0x0000000100000000)
  eden space 66048K, 0% used [0x00000000eab00000,0x00000000eab00000,0x00000000eeb80000)
  from space 2048K, 82% used [0x00000000ef280000,0x00000000ef428ee8,0x00000000ef480000)
  to   space 3072K, 0% used [0x00000000eee80000,0x00000000eee80000,0x00000000ef180000)
 ParOldGen       total 383488K, used 328822K [0x00000000c0000000, 0x00000000d7680000, 0x00000000eab00000)
  object space 383488K, 85% used [0x00000000c0000000,0x00000000d411da80,0x00000000d7680000)
 Metaspace       used 72173K, committed 73472K, reserved 1179648K
  class space    used 7558K, committed 8128K, reserved 1048576K
}
Event: 20.318 GC heap before
{Heap before GC invocations=201 (full 12):
 PSYoungGen      total 68096K, used 67747K [0x00000000eab00000, 0x00000000ef480000, 0x0000000100000000)
  eden space 66048K, 100% used [0x00000000eab00000,0x00000000eeb80000,0x00000000eeb80000)
  from space 2048K, 82% used [0x00000000ef280000,0x00000000ef428ee8,0x00000000ef480000)
  to   space 3072K, 0% used [0x00000000eee80000,0x00000000eee80000,0x00000000ef180000)
 ParOldGen       total 383488K, used 328822K [0x00000000c0000000, 0x00000000d7680000, 0x00000000eab00000)
  object space 383488K, 85% used [0x00000000c0000000,0x00000000d411da80,0x00000000d7680000)
 Metaspace       used 72174K, committed 73472K, reserved 1179648K
  class space    used 7558K, committed 8128K, reserved 1048576K
}
Event: 20.322 GC heap after
{Heap after GC invocations=201 (full 12):
 PSYoungGen      total 72192K, used 3055K [0x00000000eab00000, 0x00000000ef880000, 0x0000000100000000)
  eden space 69120K, 0% used [0x00000000eab00000,0x00000000eab00000,0x00000000eee80000)
  from space 3072K, 99% used [0x00000000eee80000,0x00000000ef17bf40,0x00000000ef180000)
  to   space 4096K, 0% used [0x00000000ef480000,0x00000000ef480000,0x00000000ef880000)
 ParOldGen       total 383488K, used 329194K [0x00000000c0000000, 0x00000000d7680000, 0x00000000eab00000)
  object space 383488K, 85% used [0x00000000c0000000,0x00000000d417a968,0x00000000d7680000)
 Metaspace       used 72174K, committed 73472K, reserved 1179648K
  class space    used 7558K, committed 8128K, reserved 1048576K
}
Event: 20.364 GC heap before
{Heap before GC invocations=202 (full 12):
 PSYoungGen      total 72192K, used 72175K [0x00000000eab00000, 0x00000000ef880000, 0x0000000100000000)
  eden space 69120K, 100% used [0x00000000eab00000,0x00000000eee80000,0x00000000eee80000)
  from space 3072K, 99% used [0x00000000eee80000,0x00000000ef17bf40,0x00000000ef180000)
  to   space 4096K, 0% used [0x00000000ef480000,0x00000000ef480000,0x00000000ef880000)
 ParOldGen       total 383488K, used 329194K [0x00000000c0000000, 0x00000000d7680000, 0x00000000eab00000)
  object space 383488K, 85% used [0x00000000c0000000,0x00000000d417a968,0x00000000d7680000)
 Metaspace       used 72182K, committed 73472K, reserved 1179648K
  class space    used 7558K, committed 8128K, reserved 1048576K
}
Event: 20.368 GC heap after
{Heap after GC invocations=202 (full 12):
 PSYoungGen      total 76288K, used 2563K [0x00000000eab00000, 0x00000000ef980000, 0x0000000100000000)
  eden space 72192K, 0% used [0x00000000eab00000,0x00000000eab00000,0x00000000ef180000)
  from space 4096K, 62% used [0x00000000ef480000,0x00000000ef700ee8,0x00000000ef880000)
  to   space 3072K, 0% used [0x00000000ef180000,0x00000000ef180000,0x00000000ef480000)
 ParOldGen       total 383488K, used 332127K [0x00000000c0000000, 0x00000000d7680000, 0x00000000eab00000)
  object space 383488K, 86% used [0x00000000c0000000,0x00000000d4457d40,0x00000000d7680000)
 Metaspace       used 72182K, committed 73472K, reserved 1179648K
  class space    used 7558K, committed 8128K, reserved 1048576K
}
Event: 20.434 GC heap before
{Heap before GC invocations=203 (full 12):
 PSYoungGen      total 76288K, used 74755K [0x00000000eab00000, 0x00000000ef980000, 0x0000000100000000)
  eden space 72192K, 100% used [0x00000000eab00000,0x00000000ef180000,0x00000000ef180000)
  from space 4096K, 62% used [0x00000000ef480000,0x00000000ef700ee8,0x00000000ef880000)
  to   space 3072K, 0% used [0x00000000ef180000,0x00000000ef180000,0x00000000ef480000)
 ParOldGen       total 383488K, used 332127K [0x00000000c0000000, 0x00000000d7680000, 0x00000000eab00000)
  object space 383488K, 86% used [0x00000000c0000000,0x00000000d4457d40,0x00000000d7680000)
 Metaspace       used 72191K, committed 73472K, reserved 1179648K
  class space    used 7558K, committed 8128K, reserved 1048576K
}
Event: 20.438 GC heap after
{Heap after GC invocations=203 (full 12):
 PSYoungGen      total 75264K, used 3063K [0x00000000eab00000, 0x00000000f0180000, 0x0000000100000000)
  eden space 72192K, 0% used [0x00000000eab00000,0x00000000eab00000,0x00000000ef180000)
  from space 3072K, 99% used [0x00000000ef180000,0x00000000ef47dee0,0x00000000ef480000)
  to   space 5632K, 0% used [0x00000000efc00000,0x00000000efc00000,0x00000000f0180000)
 ParOldGen       total 383488K, used 333966K [0x00000000c0000000, 0x00000000d7680000, 0x00000000eab00000)
  object space 383488K, 87% used [0x00000000c0000000,0x00000000d4623bf0,0x00000000d7680000)
 Metaspace       used 72191K, committed 73472K, reserved 1179648K
  class space    used 7558K, committed 8128K, reserved 1048576K
}
Event: 20.513 GC heap before
{Heap before GC invocations=204 (full 12):
 PSYoungGen      total 75264K, used 75255K [0x00000000eab00000, 0x00000000f0180000, 0x0000000100000000)
  eden space 72192K, 100% used [0x00000000eab00000,0x00000000ef180000,0x00000000ef180000)
  from space 3072K, 99% used [0x00000000ef180000,0x00000000ef47dee0,0x00000000ef480000)
  to   space 5632K, 0% used [0x00000000efc00000,0x00000000efc00000,0x00000000f0180000)
 ParOldGen       total 383488K, used 333966K [0x00000000c0000000, 0x00000000d7680000, 0x00000000eab00000)
  object space 383488K, 87% used [0x00000000c0000000,0x00000000d4623bf0,0x00000000d7680000)
 Metaspace       used 72320K, committed 73600K, reserved 1179648K
  class space    used 7574K, committed 8128K, reserved 1048576K
}
Event: 20.520 GC heap after
{Heap after GC invocations=204 (full 12):
 PSYoungGen      total 81408K, used 3399K [0x00000000eab00000, 0x00000000eff80000, 0x0000000100000000)
  eden space 77824K, 0% used [0x00000000eab00000,0x00000000eab00000,0x00000000ef700000)
  from space 3584K, 94% used [0x00000000efc00000,0x00000000eff51fe0,0x00000000eff80000)
  to   space 4096K, 0% used [0x00000000ef780000,0x00000000ef780000,0x00000000efb80000)
 ParOldGen       total 383488K, used 337007K [0x00000000c0000000, 0x00000000d7680000, 0x00000000eab00000)
  object space 383488K, 87% used [0x00000000c0000000,0x00000000d491bfd8,0x00000000d7680000)
 Metaspace       used 72320K, committed 73600K, reserved 1179648K
  class space    used 7574K, committed 8128K, reserved 1048576K
}
Event: 20.765 GC heap before
{Heap before GC invocations=205 (full 12):
 PSYoungGen      total 81408K, used 81223K [0x00000000eab00000, 0x00000000eff80000, 0x0000000100000000)
  eden space 77824K, 100% used [0x00000000eab00000,0x00000000ef700000,0x00000000ef700000)
  from space 3584K, 94% used [0x00000000efc00000,0x00000000eff51fe0,0x00000000eff80000)
  to   space 4096K, 0% used [0x00000000ef780000,0x00000000ef780000,0x00000000efb80000)
 ParOldGen       total 383488K, used 337007K [0x00000000c0000000, 0x00000000d7680000, 0x00000000eab00000)
  object space 383488K, 87% used [0x00000000c0000000,0x00000000d491bfd8,0x00000000d7680000)
 Metaspace       used 72807K, committed 74048K, reserved 1179648K
  class space    used 7626K, committed 8192K, reserved 1048576K
}
Event: 20.774 GC heap after
{Heap after GC invocations=205 (full 12):
 PSYoungGen      total 82432K, used 4096K [0x00000000eab00000, 0x00000000f1100000, 0x0000000100000000)
  eden space 78336K, 0% used [0x00000000eab00000,0x00000000eab00000,0x00000000ef780000)
  from space 4096K, 100% used [0x00000000ef780000,0x00000000efb80000,0x00000000efb80000)
  to   space 10752K, 0% used [0x00000000f0680000,0x00000000f0680000,0x00000000f1100000)
 ParOldGen       total 383488K, used 342570K [0x00000000c0000000, 0x00000000d7680000, 0x00000000eab00000)
  object space 383488K, 89% used [0x00000000c0000000,0x00000000d4e8abe8,0x00000000d7680000)
 Metaspace       used 72807K, committed 74048K, reserved 1179648K
  class space    used 7626K, committed 8192K, reserved 1048576K
}
Event: 21.806 GC heap before
{Heap before GC invocations=206 (full 12):
 PSYoungGen      total 82432K, used 82432K [0x00000000eab00000, 0x00000000f1100000, 0x0000000100000000)
  eden space 78336K, 100% used [0x00000000eab00000,0x00000000ef780000,0x00000000ef780000)
  from space 4096K, 100% used [0x00000000ef780000,0x00000000efb80000,0x00000000efb80000)
  to   space 10752K, 0% used [0x00000000f0680000,0x00000000f0680000,0x00000000f1100000)
 ParOldGen       total 383488K, used 342570K [0x00000000c0000000, 0x00000000d7680000, 0x00000000eab00000)
  object space 383488K, 89% used [0x00000000c0000000,0x00000000d4e8abe8,0x00000000d7680000)
 Metaspace       used 73928K, committed 75264K, reserved 1179648K
  class space    used 7734K, committed 8320K, reserved 1048576K
}
Event: 21.816 GC heap after
{Heap after GC invocations=206 (full 12):
 PSYoungGen      total 93184K, used 10417K [0x00000000eab00000, 0x00000000f1200000, 0x0000000100000000)
  eden space 82432K, 0% used [0x00000000eab00000,0x00000000eab00000,0x00000000efb80000)
  from space 10752K, 96% used [0x00000000f0680000,0x00000000f10ac6f8,0x00000000f1100000)
  to   space 11264K, 0% used [0x00000000efb80000,0x00000000efb80000,0x00000000f0680000)
 ParOldGen       total 383488K, used 346264K [0x00000000c0000000, 0x00000000d7680000, 0x00000000eab00000)
  object space 383488K, 90% used [0x00000000c0000000,0x00000000d52263b0,0x00000000d7680000)
 Metaspace       used 73928K, committed 75264K, reserved 1179648K
  class space    used 7734K, committed 8320K, reserved 1048576K
}

