# JRE version: OpenJDK Runtime Environment Temurin-17.0.13+11 (17.0.13+11) (build 17.0.13+11)
# Java VM: OpenJDK 64-Bit Server VM Temurin-17.0.13+11 (17.0.13+11, mixed mode, tiered, compressed oops, compressed class ptrs, parallel gc, windows-amd64)
GC Precious Log:
 CPUs: 12 total, 12 available
 Memory: 15753M
 Large Page Support: Disabled
 NUMA Support: Disabled
 Compressed Oops: Enabled (32-bit)
 Alignments: Space 512K, Generation 512K, Heap 2M
 Heap Min Capacity: 100M
 Heap Initial Capacity: 100M
 Heap Max Capacity: 1G
 Pre-touch: Disabled
 Parallel Workers: 10
Heap:
 PSYoungGen      total 28160K, used 24401K [0x00000000eab00000, 0x00000000ecc80000, 0x0000000100000000)
  eden space 19456K, 99% used [0x00000000eab00000,0x00000000ebdffff8,0x00000000ebe00000)
  from space 8704K, 56% used [0x00000000ebe00000,0x00000000ec2d47e8,0x00000000ec680000)
  to   space 6144K, 0% used [0x00000000ec680000,0x00000000ec680000,0x00000000ecc80000)
 ParOldGen       total 335360K, used 334082K [0x00000000c0000000, 0x00000000d4780000, 0x00000000eab00000)
  object space 335360K, 99% used [0x00000000c0000000,0x00000000d4640980,0x00000000d4780000)
 Metaspace       used 72021K, committed 73344K, reserved 1179648K
  class space    used 7563K, committed 8192K, reserved 1048576K
GC Heap History (20 events):
Event: 14.673 GC heap before
{Heap before GC invocations=203 (full 9):
 PSYoungGen      total 32256K, used 31782K [0x00000000eab00000, 0x00000000ed200000, 0x0000000100000000)
  eden space 24576K, 100% used [0x00000000eab00000,0x00000000ec300000,0x00000000ec300000)
  from space 7680K, 93% used [0x00000000eca80000,0x00000000ed189bb0,0x00000000ed200000)
  to   space 7680K, 0% used [0x00000000ec300000,0x00000000ec300000,0x00000000eca80000)
 ParOldGen       total 270848K, used 251826K [0x00000000c0000000, 0x00000000d0880000, 0x00000000eab00000)
  object space 270848K, 92% used [0x00000000c0000000,0x00000000cf5ec900,0x00000000d0880000)
 Metaspace       used 67286K, committed 68480K, reserved 1114112K
  class space    used 7043K, committed 7616K, reserved 1048576K
}
Event: 14.682 GC heap after
{Heap after GC invocations=203 (full 9):
 PSYoungGen      total 32256K, used 7651K [0x00000000eab00000, 0x00000000ee880000, 0x0000000100000000)
  eden space 24576K, 0% used [0x00000000eab00000,0x00000000eab00000,0x00000000ec300000)
  from space 7680K, 99% used [0x00000000ec300000,0x00000000eca78f70,0x00000000eca80000)
  to   space 18432K, 0% used [0x00000000ed680000,0x00000000ed680000,0x00000000ee880000)
 ParOldGen       total 270848K, used 260867K [0x00000000c0000000, 0x00000000d0880000, 0x00000000eab00000)
  object space 270848K, 96% used [0x00000000c0000000,0x00000000cfec0d00,0x00000000d0880000)
 Metaspace       used 67286K, committed 68480K, reserved 1114112K
  class space    used 7043K, committed 7616K, reserved 1048576K
}
Event: 14.871 GC heap before
{Heap before GC invocations=204 (full 10):
 PSYoungGen      total 32256K, used 32227K [0x00000000eab00000, 0x00000000ee880000, 0x0000000100000000)
  eden space 24576K, 100% used [0x00000000eab00000,0x00000000ec300000,0x00000000ec300000)
  from space 7680K, 99% used [0x00000000ec300000,0x00000000eca78f70,0x00000000eca80000)
  to   space 18432K, 0% used [0x00000000ed680000,0x00000000ed680000,0x00000000ee880000)
 ParOldGen       total 270848K, used 260867K [0x00000000c0000000, 0x00000000d0880000, 0x00000000eab00000)
  object space 270848K, 96% used [0x00000000c0000000,0x00000000cfec0d00,0x00000000d0880000)
 Metaspace       used 67700K, committed 68992K, reserved 1114112K
  class space    used 7101K, committed 7680K, reserved 1048576K
}
Event: 15.021 GC heap after
{Heap after GC invocations=204 (full 10):
 PSYoungGen      total 44544K, used 0K [0x00000000eab00000, 0x00000000ee880000, 0x0000000100000000)
  eden space 26112K, 0% used [0x00000000eab00000,0x00000000eab00000,0x00000000ec480000)
  from space 18432K, 0% used [0x00000000ed680000,0x00000000ed680000,0x00000000ee880000)
  to   space 18432K, 0% used [0x00000000ec480000,0x00000000ec480000,0x00000000ed680000)
 ParOldGen       total 335360K, used 268855K [0x00000000c0000000, 0x00000000d4780000, 0x00000000eab00000)
  object space 335360K, 80% used [0x00000000c0000000,0x00000000d068dfd0,0x00000000d4780000)
 Metaspace       used 67686K, committed 68992K, reserved 1114112K
  class space    used 7097K, committed 7680K, reserved 1048576K
}
Event: 15.309 GC heap before
{Heap before GC invocations=205 (full 10):
 PSYoungGen      total 44544K, used 26088K [0x00000000eab00000, 0x00000000ee880000, 0x0000000100000000)
  eden space 26112K, 99% used [0x00000000eab00000,0x00000000ec47a2b8,0x00000000ec480000)
  from space 18432K, 0% used [0x00000000ed680000,0x00000000ed680000,0x00000000ee880000)
  to   space 18432K, 0% used [0x00000000ec480000,0x00000000ec480000,0x00000000ed680000)
 ParOldGen       total 335360K, used 268855K [0x00000000c0000000, 0x00000000d4780000, 0x00000000eab00000)
  object space 335360K, 80% used [0x00000000c0000000,0x00000000d068dfd0,0x00000000d4780000)
 Metaspace       used 68591K, committed 69824K, reserved 1114112K
  class space    used 7193K, committed 7744K, reserved 1048576K
}
Event: 15.319 GC heap after
{Heap after GC invocations=205 (full 10):
 PSYoungGen      total 41472K, used 14942K [0x00000000eab00000, 0x00000000ee500000, 0x0000000100000000)
  eden space 26112K, 0% used [0x00000000eab00000,0x00000000eab00000,0x00000000ec480000)
  from space 15360K, 97% used [0x00000000ec480000,0x00000000ed317a90,0x00000000ed380000)
  to   space 15872K, 0% used [0x00000000ed580000,0x00000000ed580000,0x00000000ee500000)
 ParOldGen       total 335360K, used 268863K [0x00000000c0000000, 0x00000000d4780000, 0x00000000eab00000)
  object space 335360K, 80% used [0x00000000c0000000,0x00000000d068ffd0,0x00000000d4780000)
 Metaspace       used 68591K, committed 69824K, reserved 1114112K
  class space    used 7193K, committed 7744K, reserved 1048576K
}
Event: 15.616 GC heap before
{Heap before GC invocations=206 (full 10):
 PSYoungGen      total 41472K, used 41054K [0x00000000eab00000, 0x00000000ee500000, 0x0000000100000000)
  eden space 26112K, 100% used [0x00000000eab00000,0x00000000ec480000,0x00000000ec480000)
  from space 15360K, 97% used [0x00000000ec480000,0x00000000ed317a90,0x00000000ed380000)
  to   space 15872K, 0% used [0x00000000ed580000,0x00000000ed580000,0x00000000ee500000)
 ParOldGen       total 335360K, used 268863K [0x00000000c0000000, 0x00000000d4780000, 0x00000000eab00000)
  object space 335360K, 80% used [0x00000000c0000000,0x00000000d068ffd0,0x00000000d4780000)
 Metaspace       used 69922K, committed 71296K, reserved 1114112K
  class space    used 7354K, committed 8000K, reserved 1048576K
}
Event: 15.632 GC heap after
{Heap after GC invocations=206 (full 10):
 PSYoungGen      total 30720K, used 15864K [0x00000000eab00000, 0x00000000efe00000, 0x0000000100000000)
  eden space 14848K, 0% used [0x00000000eab00000,0x00000000eab00000,0x00000000eb980000)
  from space 15872K, 99% used [0x00000000ed580000,0x00000000ee4fe3a0,0x00000000ee500000)
  to   space 28672K, 0% used [0x00000000eb980000,0x00000000eb980000,0x00000000ed580000)
 ParOldGen       total 335360K, used 279523K [0x00000000c0000000, 0x00000000d4780000, 0x00000000eab00000)
  object space 335360K, 83% used [0x00000000c0000000,0x00000000d10f8de8,0x00000000d4780000)
 Metaspace       used 69922K, committed 71296K, reserved 1114112K
  class space    used 7354K, committed 8000K, reserved 1048576K
}
Event: 16.171 GC heap before
{Heap before GC invocations=207 (full 10):
 PSYoungGen      total 30720K, used 30712K [0x00000000eab00000, 0x00000000efe00000, 0x0000000100000000)
  eden space 14848K, 100% used [0x00000000eab00000,0x00000000eb980000,0x00000000eb980000)
  from space 15872K, 99% used [0x00000000ed580000,0x00000000ee4fe3a0,0x00000000ee500000)
  to   space 28672K, 0% used [0x00000000eb980000,0x00000000eb980000,0x00000000ed580000)
 ParOldGen       total 335360K, used 279523K [0x00000000c0000000, 0x00000000d4780000, 0x00000000eab00000)
  object space 335360K, 83% used [0x00000000c0000000,0x00000000d10f8de8,0x00000000d4780000)
 Metaspace       used 70779K, committed 72128K, reserved 1114112K
  class space    used 7436K, committed 8064K, reserved 1048576K
}
Event: 16.179 GC heap after
{Heap after GC invocations=207 (full 10):
 PSYoungGen      total 27136K, used 12164K [0x00000000eab00000, 0x00000000edc80000, 0x0000000100000000)
  eden space 14848K, 0% used [0x00000000eab00000,0x00000000eab00000,0x00000000eb980000)
  from space 12288K, 98% used [0x00000000eb980000,0x00000000ec561230,0x00000000ec580000)
  to   space 17408K, 0% used [0x00000000ecb80000,0x00000000ecb80000,0x00000000edc80000)
 ParOldGen       total 335360K, used 287372K [0x00000000c0000000, 0x00000000d4780000, 0x00000000eab00000)
  object space 335360K, 85% used [0x00000000c0000000,0x00000000d18a30a8,0x00000000d4780000)
 Metaspace       used 70779K, committed 72128K, reserved 1114112K
  class space    used 7436K, committed 8064K, reserved 1048576K
}
Event: 16.214 GC heap before
{Heap before GC invocations=208 (full 10):
 PSYoungGen      total 27136K, used 27012K [0x00000000eab00000, 0x00000000edc80000, 0x0000000100000000)
  eden space 14848K, 100% used [0x00000000eab00000,0x00000000eb980000,0x00000000eb980000)
  from space 12288K, 98% used [0x00000000eb980000,0x00000000ec561230,0x00000000ec580000)
  to   space 17408K, 0% used [0x00000000ecb80000,0x00000000ecb80000,0x00000000edc80000)
 ParOldGen       total 335360K, used 287372K [0x00000000c0000000, 0x00000000d4780000, 0x00000000eab00000)
  object space 335360K, 85% used [0x00000000c0000000,0x00000000d18a30a8,0x00000000d4780000)
 Metaspace       used 70785K, committed 72128K, reserved 1114112K
  class space    used 7436K, committed 8064K, reserved 1048576K
}
Event: 16.221 GC heap after
{Heap after GC invocations=208 (full 10):
 PSYoungGen      total 30208K, used 14204K [0x00000000eab00000, 0x00000000ed980000, 0x0000000100000000)
  eden space 15872K, 0% used [0x00000000eab00000,0x00000000eab00000,0x00000000eba80000)
  from space 14336K, 99% used [0x00000000ecb80000,0x00000000ed95f008,0x00000000ed980000)
  to   space 14848K, 0% used [0x00000000ebc80000,0x00000000ebc80000,0x00000000ecb00000)
 ParOldGen       total 335360K, used 287380K [0x00000000c0000000, 0x00000000d4780000, 0x00000000eab00000)
  object space 335360K, 85% used [0x00000000c0000000,0x00000000d18a50a8,0x00000000d4780000)
 Metaspace       used 70785K, committed 72128K, reserved 1114112K
  class space    used 7436K, committed 8064K, reserved 1048576K
}
Event: 16.280 GC heap before
{Heap before GC invocations=209 (full 10):
 PSYoungGen      total 30208K, used 30076K [0x00000000eab00000, 0x00000000ed980000, 0x0000000100000000)
  eden space 15872K, 100% used [0x00000000eab00000,0x00000000eba80000,0x00000000eba80000)
  from space 14336K, 99% used [0x00000000ecb80000,0x00000000ed95f008,0x00000000ed980000)
  to   space 14848K, 0% used [0x00000000ebc80000,0x00000000ebc80000,0x00000000ecb00000)
 ParOldGen       total 335360K, used 287380K [0x00000000c0000000, 0x00000000d4780000, 0x00000000eab00000)
  object space 335360K, 85% used [0x00000000c0000000,0x00000000d18a50a8,0x00000000d4780000)
 Metaspace       used 70882K, committed 72256K, reserved 1114112K
  class space    used 7442K, committed 8064K, reserved 1048576K
}
Event: 16.287 GC heap after
{Heap after GC invocations=209 (full 10):
 PSYoungGen      total 32256K, used 14824K [0x00000000eab00000, 0x00000000edb00000, 0x0000000100000000)
  eden space 17408K, 0% used [0x00000000eab00000,0x00000000eab00000,0x00000000ebc00000)
  from space 14848K, 99% used [0x00000000ebc80000,0x00000000ecafa288,0x00000000ecb00000)
  to   space 15872K, 0% used [0x00000000ecb80000,0x00000000ecb80000,0x00000000edb00000)
 ParOldGen       total 335360K, used 287740K [0x00000000c0000000, 0x00000000d4780000, 0x00000000eab00000)
  object space 335360K, 85% used [0x00000000c0000000,0x00000000d18ff0a8,0x00000000d4780000)
 Metaspace       used 70882K, committed 72256K, reserved 1114112K
  class space    used 7442K, committed 8064K, reserved 1048576K
}
Event: 16.347 GC heap before
{Heap before GC invocations=210 (full 10):
 PSYoungGen      total 32256K, used 32232K [0x00000000eab00000, 0x00000000edb00000, 0x0000000100000000)
  eden space 17408K, 100% used [0x00000000eab00000,0x00000000ebc00000,0x00000000ebc00000)
  from space 14848K, 99% used [0x00000000ebc80000,0x00000000ecafa288,0x00000000ecb00000)
  to   space 15872K, 0% used [0x00000000ecb80000,0x00000000ecb80000,0x00000000edb00000)
 ParOldGen       total 335360K, used 287740K [0x00000000c0000000, 0x00000000d4780000, 0x00000000eab00000)
  object space 335360K, 85% used [0x00000000c0000000,0x00000000d18ff0a8,0x00000000d4780000)
 Metaspace       used 70929K, committed 72256K, reserved 1114112K
  class space    used 7447K, committed 8064K, reserved 1048576K
}
Event: 16.356 GC heap after
{Heap after GC invocations=210 (full 10):
 PSYoungGen      total 23552K, used 4227K [0x00000000eab00000, 0x00000000ed000000, 0x0000000100000000)
  eden space 18944K, 0% used [0x00000000eab00000,0x00000000eab00000,0x00000000ebd80000)
  from space 4608K, 91% used [0x00000000ecb80000,0x00000000ecfa0dd0,0x00000000ed000000)
  to   space 8704K, 0% used [0x00000000ebf00000,0x00000000ebf00000,0x00000000ec780000)
 ParOldGen       total 335360K, used 299153K [0x00000000c0000000, 0x00000000d4780000, 0x00000000eab00000)
  object space 335360K, 89% used [0x00000000c0000000,0x00000000d24246e8,0x00000000d4780000)
 Metaspace       used 70929K, committed 72256K, reserved 1114112K
  class space    used 7447K, committed 8064K, reserved 1048576K
}
Event: 16.480 GC heap before
{Heap before GC invocations=211 (full 10):
 PSYoungGen      total 23552K, used 23171K [0x00000000eab00000, 0x00000000ed000000, 0x0000000100000000)
  eden space 18944K, 100% used [0x00000000eab00000,0x00000000ebd80000,0x00000000ebd80000)
  from space 4608K, 91% used [0x00000000ecb80000,0x00000000ecfa0dd0,0x00000000ed000000)
  to   space 8704K, 0% used [0x00000000ebf00000,0x00000000ebf00000,0x00000000ec780000)
 ParOldGen       total 335360K, used 299153K [0x00000000c0000000, 0x00000000d4780000, 0x00000000eab00000)
  object space 335360K, 89% used [0x00000000c0000000,0x00000000d24246e8,0x00000000d4780000)
 Metaspace       used 71329K, committed 72704K, reserved 1114112K
  class space    used 7486K, committed 8128K, reserved 1048576K
}
Event: 16.485 GC heap after
{Heap after GC invocations=211 (full 10):
 PSYoungGen      total 25600K, used 4964K [0x00000000eab00000, 0x00000000ecc00000, 0x0000000100000000)
  eden space 20480K, 0% used [0x00000000eab00000,0x00000000eab00000,0x00000000ebf00000)
  from space 5120K, 96% used [0x00000000ebf00000,0x00000000ec3d92f8,0x00000000ec400000)
  to   space 5632K, 0% used [0x00000000ec680000,0x00000000ec680000,0x00000000ecc00000)
 ParOldGen       total 335360K, used 299153K [0x00000000c0000000, 0x00000000d4780000, 0x00000000eab00000)
  object space 335360K, 89% used [0x00000000c0000000,0x00000000d24246e8,0x00000000d4780000)
 Metaspace       used 71329K, committed 72704K, reserved 1114112K
  class space    used 7486K, committed 8128K, reserved 1048576K
}
Event: 16.555 GC heap before
{Heap before GC invocations=212 (full 10):
 PSYoungGen      total 25600K, used 25444K [0x00000000eab00000, 0x00000000ecc00000, 0x0000000100000000)
  eden space 20480K, 100% used [0x00000000eab00000,0x00000000ebf00000,0x00000000ebf00000)
  from space 5120K, 96% used [0x00000000ebf00000,0x00000000ec3d92f8,0x00000000ec400000)
  to   space 5632K, 0% used [0x00000000ec680000,0x00000000ec680000,0x00000000ecc00000)
 ParOldGen       total 335360K, used 299153K [0x00000000c0000000, 0x00000000d4780000, 0x00000000eab00000)
  object space 335360K, 89% used [0x00000000c0000000,0x00000000d24246e8,0x00000000d4780000)
 Metaspace       used 71618K, committed 72960K, reserved 1179648K
  class space    used 7530K, committed 8128K, reserved 1048576K
}
Event: 16.561 GC heap after
{Heap after GC invocations=212 (full 10):
 PSYoungGen      total 25088K, used 5606K [0x00000000eab00000, 0x00000000ed180000, 0x0000000100000000)
  eden space 19456K, 0% used [0x00000000eab00000,0x00000000eab00000,0x00000000ebe00000)
  from space 5632K, 99% used [0x00000000ec680000,0x00000000ecbf9818,0x00000000ecc00000)
  to   space 8704K, 0% used [0x00000000ebe00000,0x00000000ebe00000,0x00000000ec680000)
 ParOldGen       total 335360K, used 301613K [0x00000000c0000000, 0x00000000d4780000, 0x00000000eab00000)
  object space 335360K, 89% used [0x00000000c0000000,0x00000000d268b4f0,0x00000000d4780000)
 Metaspace       used 71618K, committed 72960K, reserved 1179648K
  class space    used 7530K, committed 8128K, reserved 1048576K
}

